      Event        dEvent  Clock        What     File                                                                            #line Function                                  RSS         dRSS
NEXT: 0            +0      2369.944236  CALL     /Users/paulross/CLionProjects/PythonCppHomogeneousContainers/tests/unit/test_with_pymemtrace.py# 240 _test_new_dict_map_str              585326592    585326592
PREV: 12408        +12408  2369.964884  C_RETURN /Users/paulross/CLionProjects/PythonCppHomogeneousContainers/tests/unit/test_with_pymemtrace.py# 256 decode                              585355264            0
NEXT: 12409        +12409  2369.965263  CALL     /Library/Frameworks/Python.framework/Versions/3.9/lib/python3.9/random.py       # 334 randint                             576966656     -8388608
PREV: 27466        +15057  2369.999580  C_RETURN /Users/paulross/CLionProjects/PythonCppHomogeneousContainers/tests/unit/test_with_pymemtrace.py# 256 decode                              577093632            0
NEXT: 27467        +15058  2370.000038  CALL     /Library/Frameworks/Python.framework/Versions/3.9/lib/python3.9/random.py       # 334 randint                             568705024     -8388608
PREV: 7352209      +7324742 2391.671438  C_CALL   /Users/paulross/CLionProjects/PythonCppHomogeneousContainers/tests/unit/test_with_pymemtrace.py# 264 new_dict_from_std_map_str_str      2033876992            0
NEXT: 7352210      +7324743 2394.396543  C_RETURN /Users/paulross/CLionProjects/PythonCppHomogeneousContainers/tests/unit/test_with_pymemtrace.py# 264 new_dict_from_std_map_str_str      2892189696    858312704
NEXT: 7352211      +1      2394.834532  C_CALL   /Users/paulross/CLionProjects/PythonCppHomogeneousContainers/tests/unit/test_with_pymemtrace.py# 265 perf_counter                       2061819904   -830369792
PREV: 7352214      +3      2394.834561  C_RETURN /Users/paulross/CLionProjects/PythonCppHomogeneousContainers/tests/unit/test_with_pymemtrace.py# 266 append                             2061828096            0
NEXT: 7352215      +4      2395.075678  C_CALL   /Users/paulross/CLionProjects/PythonCppHomogeneousContainers/tests/unit/test_with_pymemtrace.py# 256 decode                              338792448  -1723035648
PREV: 7352216      +1      2395.075686  C_RETURN /Users/paulross/CLionProjects/PythonCppHomogeneousContainers/tests/unit/test_with_pymemtrace.py# 256 decode                              338792448            0
NEXT: 7352217      +2      2395.076204  CALL     /Library/Frameworks/Python.framework/Versions/3.9/lib/python3.9/random.py       # 334 randint                             322019328    -16773120
PREV: 7360426      +8209   2395.094515  C_RETURN /Users/paulross/CLionProjects/PythonCppHomogeneousContainers/tests/unit/test_with_pymemtrace.py# 256 decode                              322035712            0
NEXT: 7360427      +8210   2395.095012  CALL     /Library/Frameworks/Python.framework/Versions/3.9/lib/python3.9/random.py       # 334 randint                             313647104     -8388608
PREV: 7364032      +3605   2395.103674  C_RETURN /Users/paulross/CLionProjects/PythonCppHomogeneousContainers/tests/unit/test_with_pymemtrace.py# 256 decode                              313688064            0
NEXT: 7364033      +3606   2395.104116  CALL     /Library/Frameworks/Python.framework/Versions/3.9/lib/python3.9/random.py       # 334 randint                             305299456     -8388608
PREV: 7371324      +7291   2395.120385  C_RETURN /Users/paulross/CLionProjects/PythonCppHomogeneousContainers/tests/unit/test_with_pymemtrace.py# 256 decode                              305299456            0
NEXT: 7371325      +7292   2395.120436  CALL     /Library/Frameworks/Python.framework/Versions/3.9/lib/python3.9/random.py       # 334 randint                             305381376        81920
PREV: 7390364      +19039  2395.162360  C_RETURN /Users/paulross/CLionProjects/PythonCppHomogeneousContainers/tests/unit/test_with_pymemtrace.py# 256 decode                              306180096            0
NEXT: 7390365      +19040  2395.162433  CALL     /Library/Frameworks/Python.framework/Versions/3.9/lib/python3.9/random.py       # 334 randint                             306335744       155648
PREV: 7428426      +38061  2395.245469  C_RETURN /Users/paulross/CLionProjects/PythonCppHomogeneousContainers/tests/unit/test_with_pymemtrace.py# 256 decode                              306819072            0
NEXT: 7428427      +38062  2395.245594  CALL     /Library/Frameworks/Python.framework/Versions/3.9/lib/python3.9/random.py       # 334 randint                             307118080       299008
PREV: 7504818      +76391  2395.419210  C_RETURN /Users/paulross/CLionProjects/PythonCppHomogeneousContainers/tests/unit/test_with_pymemtrace.py# 256 decode                              307118080            0
NEXT: 7504819      +76392  2395.419466  CALL     /Library/Frameworks/Python.framework/Versions/3.9/lib/python3.9/random.py       # 334 randint                             307712000       593920
PREV: 7657772      +152953 2395.818225  C_RETURN /Users/paulross/CLionProjects/PythonCppHomogeneousContainers/tests/unit/test_with_pymemtrace.py# 256 decode                              308273152            0
NEXT: 7657773      +152954 2395.818672  CALL     /Library/Frameworks/Python.framework/Versions/3.9/lib/python3.9/random.py       # 334 randint                             309137408       864256
PREV: 8575946      +918173 2398.263349  C_RETURN /Users/paulross/CLionProjects/PythonCppHomogeneousContainers/tests/unit/test_with_pymemtrace.py# 256 decode                              408072192            0
NEXT: 8575947      +918174 2398.264797  CALL     /Library/Frameworks/Python.framework/Versions/3.9/lib/python3.9/random.py       # 334 randint                             410681344      2609152
PREV: 12244530     +3668583 2408.041343  C_RETURN /Users/paulross/CLionProjects/PythonCppHomogeneousContainers/tests/unit/test_with_pymemtrace.py# 256 decode                             1208057856            0
NEXT: 12244531     +3668584 2408.045855  CALL     /Library/Frameworks/Python.framework/Versions/3.9/lib/python3.9/random.py       # 334 randint                            1212252160      4194304
PREV: 14691029     +2446498 2414.540581  C_CALL   /Users/paulross/CLionProjects/PythonCppHomogeneousContainers/tests/unit/test_with_pymemtrace.py# 264 new_dict_from_std_map_str_str      1751326720            0
NEXT: 14691030     +2446499 2416.753277  C_RETURN /Users/paulross/CLionProjects/PythonCppHomogeneousContainers/tests/unit/test_with_pymemtrace.py# 264 new_dict_from_std_map_str_str      3397869568   1646542848
NEXT: 14691031     +1      2417.153112  C_CALL   /Users/paulross/CLionProjects/PythonCppHomogeneousContainers/tests/unit/test_with_pymemtrace.py# 265 perf_counter                       2314162176  -1083707392
PREV: 14691034     +3      2417.153134  C_RETURN /Users/paulross/CLionProjects/PythonCppHomogeneousContainers/tests/unit/test_with_pymemtrace.py# 266 append                             2314162176            0
NEXT: 14691035     +4      2417.398939  C_CALL   /Users/paulross/CLionProjects/PythonCppHomogeneousContainers/tests/unit/test_with_pymemtrace.py# 256 decode                              372043776  -1942118400
PREV: 14691036     +1      2417.398950  C_RETURN /Users/paulross/CLionProjects/PythonCppHomogeneousContainers/tests/unit/test_with_pymemtrace.py# 256 decode                              372043776            0
NEXT: 14691037     +2      2417.399148  CALL     /Library/Frameworks/Python.framework/Versions/3.9/lib/python3.9/random.py       # 334 randint                             363655168     -8388608
PREV: 14996864     +305827 2418.147785  C_RETURN /Users/paulross/CLionProjects/PythonCppHomogeneousContainers/tests/unit/test_with_pymemtrace.py# 256 decode                              369336320            0
NEXT: 14996865     +305828 2418.148326  CALL     /Library/Frameworks/Python.framework/Versions/3.9/lib/python3.9/random.py       # 334 randint                             370450432      1114112
PREV: 15912838     +915973 2420.622654  C_RETURN /Users/paulross/CLionProjects/PythonCppHomogeneousContainers/tests/unit/test_with_pymemtrace.py# 256 decode                              462336000            0
NEXT: 15912839     +915974 2420.624044  CALL     /Library/Frameworks/Python.framework/Versions/3.9/lib/python3.9/random.py       # 334 randint                             463921152      1585152
PREV: 22030287     +6117448 2436.896154  C_CALL   /Users/paulross/CLionProjects/PythonCppHomogeneousContainers/tests/unit/test_with_pymemtrace.py# 264 new_dict_from_std_map_str_str      1795969024            0
NEXT: 22030288     +6117449 2439.139913  C_RETURN /Users/paulross/CLionProjects/PythonCppHomogeneousContainers/tests/unit/test_with_pymemtrace.py# 264 new_dict_from_std_map_str_str      3109064704   1313095680
NEXT: 22030289     +1      2439.519848  C_CALL   /Users/paulross/CLionProjects/PythonCppHomogeneousContainers/tests/unit/test_with_pymemtrace.py# 265 perf_counter                       2214633472   -894431232
PREV: 22030292     +3      2439.519867  C_RETURN /Users/paulross/CLionProjects/PythonCppHomogeneousContainers/tests/unit/test_with_pymemtrace.py# 266 append                             2214633472            0
NEXT: 22030293     +4      2439.770581  C_CALL   /Users/paulross/CLionProjects/PythonCppHomogeneousContainers/tests/unit/test_with_pymemtrace.py# 256 decode                              396648448  -1817985024
PREV: 22030294     +1      2439.770591  C_RETURN /Users/paulross/CLionProjects/PythonCppHomogeneousContainers/tests/unit/test_with_pymemtrace.py# 256 decode                              396648448            0
NEXT: 22030295     +2      2439.770875  CALL     /Library/Frameworks/Python.framework/Versions/3.9/lib/python3.9/random.py       # 334 randint                             388259840     -8388608
PREV: 22062758     +32463  2439.844974  C_RETURN /Users/paulross/CLionProjects/PythonCppHomogeneousContainers/tests/unit/test_with_pymemtrace.py# 256 decode                              393936896            0
NEXT: 22062759     +32464  2439.845345  CALL     /Library/Frameworks/Python.framework/Versions/3.9/lib/python3.9/random.py       # 334 randint                             385548288     -8388608
PREV: 22068424     +5665   2439.858851  C_RETURN /Users/paulross/CLionProjects/PythonCppHomogeneousContainers/tests/unit/test_with_pymemtrace.py# 256 decode                              386768896            0
NEXT: 22068425     +5666   2439.858897  CALL     /Library/Frameworks/Python.framework/Versions/3.9/lib/python3.9/random.py       # 334 randint                             386838528        69632
PREV: 22642742     +574317 2441.337088  C_RETURN /Users/paulross/CLionProjects/PythonCppHomogeneousContainers/tests/unit/test_with_pymemtrace.py# 256 decode                              394059776            0
NEXT: 22642743     +574318 2441.338271  CALL     /Library/Frameworks/Python.framework/Versions/3.9/lib/python3.9/random.py       # 334 randint                             396550144      2490368
PREV: 29373447     +6730704 2459.253988  C_CALL   /Users/paulross/CLionProjects/PythonCppHomogeneousContainers/tests/unit/test_with_pymemtrace.py# 264 new_dict_from_std_map_str_str      1828798464            0
NEXT: 29373448     +6730705 2461.472340  C_RETURN /Users/paulross/CLionProjects/PythonCppHomogeneousContainers/tests/unit/test_with_pymemtrace.py# 264 new_dict_from_std_map_str_str      3240837120   1412038656
NEXT: 29373449     +1      2461.897803  C_CALL   /Users/paulross/CLionProjects/PythonCppHomogeneousContainers/tests/unit/test_with_pymemtrace.py# 265 perf_counter                       2254614528   -986222592
PREV: 29373452     +3      2461.897825  C_RETURN /Users/paulross/CLionProjects/PythonCppHomogeneousContainers/tests/unit/test_with_pymemtrace.py# 266 append                             2254614528            0
NEXT: 29373453     +4      2462.162664  C_CALL   /Users/paulross/CLionProjects/PythonCppHomogeneousContainers/tests/unit/test_with_pymemtrace.py# 256 decode                              446681088  -1807933440
PREV: 29373454     +1      2462.162673  C_RETURN /Users/paulross/CLionProjects/PythonCppHomogeneousContainers/tests/unit/test_with_pymemtrace.py# 256 decode                              446681088            0
NEXT: 29373455     +2      2462.163252  CALL     /Library/Frameworks/Python.framework/Versions/3.9/lib/python3.9/random.py       # 334 randint                             429903872    -16777216
PREV: 36716193     +7342738 2481.631978  C_CALL   /Users/paulross/CLionProjects/PythonCppHomogeneousContainers/tests/unit/test_with_pymemtrace.py# 264 new_dict_from_std_map_str_str      1859497984            0
NEXT: 36716194     +7342739 2483.833589  C_RETURN /Users/paulross/CLionProjects/PythonCppHomogeneousContainers/tests/unit/test_with_pymemtrace.py# 264 new_dict_from_std_map_str_str      3444621312   1585123328
NEXT: 36716195     +1      2484.226142  C_CALL   /Users/paulross/CLionProjects/PythonCppHomogeneousContainers/tests/unit/test_with_pymemtrace.py# 265 perf_counter                       1929916416  -1514704896
PREV: 36716198     +3      2484.226170  C_RETURN /Users/paulross/CLionProjects/PythonCppHomogeneousContainers/tests/unit/test_with_pymemtrace.py# 266 append                             1929916416            0
NEXT: 36716199     +4      2484.448646  C_CALL   /Users/paulross/CLionProjects/PythonCppHomogeneousContainers/tests/unit/test_with_pymemtrace.py# 256 decode                              438026240  -1491890176
PREV: 36716200     +1      2484.448655  C_RETURN /Users/paulross/CLionProjects/PythonCppHomogeneousContainers/tests/unit/test_with_pymemtrace.py# 256 decode                              438026240            0
NEXT: 36716201     +2      2484.448873  CALL     /Library/Frameworks/Python.framework/Versions/3.9/lib/python3.9/random.py       # 334 randint                             429637632     -8388608
PREV: 44057803     +7341602 2503.950243  C_CALL   /Users/paulross/CLionProjects/PythonCppHomogeneousContainers/tests/unit/test_with_pymemtrace.py# 264 new_dict_from_std_map_str_str      1867628544            0
NEXT: 44057804     +7341603 2506.194052  C_RETURN /Users/paulross/CLionProjects/PythonCppHomogeneousContainers/tests/unit/test_with_pymemtrace.py# 264 new_dict_from_std_map_str_str      2866716672    999088128
NEXT: 44057805     +1      2506.626741  C_CALL   /Users/paulross/CLionProjects/PythonCppHomogeneousContainers/tests/unit/test_with_pymemtrace.py# 265 perf_counter                       2239516672   -627200000
PREV: 44057808     +3      2506.626765  C_RETURN /Users/paulross/CLionProjects/PythonCppHomogeneousContainers/tests/unit/test_with_pymemtrace.py# 266 append                             2239516672            0
NEXT: 44057809     +4      2506.883361  C_CALL   /Users/paulross/CLionProjects/PythonCppHomogeneousContainers/tests/unit/test_with_pymemtrace.py# 256 decode                              450895872  -1788620800
PREV: 44057810     +1      2506.883376  C_RETURN /Users/paulross/CLionProjects/PythonCppHomogeneousContainers/tests/unit/test_with_pymemtrace.py# 256 decode                              450895872            0
NEXT: 44057811     +2      2506.883636  CALL     /Library/Frameworks/Python.framework/Versions/3.9/lib/python3.9/random.py       # 334 randint                             442507264     -8388608
PREV: 44060140     +2329   2506.888966  C_RETURN /Users/paulross/CLionProjects/PythonCppHomogeneousContainers/tests/unit/test_with_pymemtrace.py# 256 decode                              442511360            0
NEXT: 44060141     +2330   2506.889257  CALL     /Library/Frameworks/Python.framework/Versions/3.9/lib/python3.9/random.py       # 334 randint                             434122752     -8388608
PREV: 45281350     +1221209 2510.089720  C_RETURN /Users/paulross/CLionProjects/PythonCppHomogeneousContainers/tests/unit/test_with_pymemtrace.py# 256 decode                              544260096            0
NEXT: 45281351     +1221210 2510.091676  CALL     /Library/Frameworks/Python.framework/Versions/3.9/lib/python3.9/random.py       # 334 randint                             547045376      2785280
PREV: 51395751     +6114400 2526.396856  C_CALL   /Users/paulross/CLionProjects/PythonCppHomogeneousContainers/tests/unit/test_with_pymemtrace.py# 264 new_dict_from_std_map_str_str      1874882560            0
NEXT: 51395752     +6114401 2528.686256  C_RETURN /Users/paulross/CLionProjects/PythonCppHomogeneousContainers/tests/unit/test_with_pymemtrace.py# 264 new_dict_from_std_map_str_str      3668893696   1794011136
NEXT: 51395753     +1      2529.061831  C_CALL   /Users/paulross/CLionProjects/PythonCppHomogeneousContainers/tests/unit/test_with_pymemtrace.py# 265 perf_counter                       2131886080  -1537007616
PREV: 51395756     +3      2529.061850  C_RETURN /Users/paulross/CLionProjects/PythonCppHomogeneousContainers/tests/unit/test_with_pymemtrace.py# 266 append                             2131886080            0
NEXT: 51395757     +4      2529.325038  C_CALL   /Users/paulross/CLionProjects/PythonCppHomogeneousContainers/tests/unit/test_with_pymemtrace.py# 256 decode                              480075776  -1651810304
PREV: 51395758     +1      2529.325047  C_RETURN /Users/paulross/CLionProjects/PythonCppHomogeneousContainers/tests/unit/test_with_pymemtrace.py# 256 decode                              480075776            0
NEXT: 51395759     +2      2529.325167  CALL     /Library/Frameworks/Python.framework/Versions/3.9/lib/python3.9/random.py       # 334 randint                             471687168     -8388608
PREV: 51571860     +176101 2529.725882  C_RETURN /Users/paulross/CLionProjects/PythonCppHomogeneousContainers/tests/unit/test_with_pymemtrace.py# 256 decode                              477802496            0
NEXT: 51571861     +176102 2529.726317  CALL     /Library/Frameworks/Python.framework/Versions/3.9/lib/python3.9/random.py       # 334 randint                             469413888     -8388608
PREV: 51571872     +11     2529.726363  C_RETURN /Users/paulross/CLionProjects/PythonCppHomogeneousContainers/tests/unit/test_with_pymemtrace.py# 256 decode                              469413888            0
NEXT: 51571873     +12     2529.726708  CALL     /Library/Frameworks/Python.framework/Versions/3.9/lib/python3.9/random.py       # 334 randint                             461025280     -8388608
PREV: 58735159     +7163286 2548.828486  C_CALL   /Users/paulross/CLionProjects/PythonCppHomogeneousContainers/tests/unit/test_with_pymemtrace.py# 264 new_dict_from_std_map_str_str      1909686272            0
NEXT: 58735160     +7163287 2551.059050  C_RETURN /Users/paulross/CLionProjects/PythonCppHomogeneousContainers/tests/unit/test_with_pymemtrace.py# 264 new_dict_from_std_map_str_str      3172818944   1263132672
NEXT: 58735161     +1      2551.536345  C_CALL   /Users/paulross/CLionProjects/PythonCppHomogeneousContainers/tests/unit/test_with_pymemtrace.py# 265 perf_counter                       2122596352  -1050222592
PREV: 58735164     +3      2551.536368  C_RETURN /Users/paulross/CLionProjects/PythonCppHomogeneousContainers/tests/unit/test_with_pymemtrace.py# 266 append                             2122596352            0
NEXT: 58735165     +4      2551.789473  C_CALL   /Users/paulross/CLionProjects/PythonCppHomogeneousContainers/tests/unit/test_with_pymemtrace.py# 256 decode                              514281472  -1608314880
PREV: 58735166     +1      2551.789484  C_RETURN /Users/paulross/CLionProjects/PythonCppHomogeneousContainers/tests/unit/test_with_pymemtrace.py# 256 decode                              514281472            0
NEXT: 58735167     +2      2551.789982  CALL     /Library/Frameworks/Python.framework/Versions/3.9/lib/python3.9/random.py       # 334 randint                             497504256    -16777216
PREV: 66073685     +7338518 2571.279563  C_CALL   /Users/paulross/CLionProjects/PythonCppHomogeneousContainers/tests/unit/test_with_pymemtrace.py# 264 new_dict_from_std_map_str_str      1935495168            0
NEXT: 66073686     +7338519 2573.523408  C_RETURN /Users/paulross/CLionProjects/PythonCppHomogeneousContainers/tests/unit/test_with_pymemtrace.py# 264 new_dict_from_std_map_str_str      3554086912   1618591744
NEXT: 66073687     +1      2573.885998  C_CALL   /Users/paulross/CLionProjects/PythonCppHomogeneousContainers/tests/unit/test_with_pymemtrace.py# 265 perf_counter                       2183405568  -1370681344
PREV: 66073690     +3      2573.886024  C_RETURN /Users/paulross/CLionProjects/PythonCppHomogeneousContainers/tests/unit/test_with_pymemtrace.py# 266 append                             2183409664         4096
NEXT: 66073691     +4      2574.158514  C_CALL   /Users/paulross/CLionProjects/PythonCppHomogeneousContainers/tests/unit/test_with_pymemtrace.py# 256 decode                              547561472  -1635848192
PREV: 66073692     +1      2574.158526  C_RETURN /Users/paulross/CLionProjects/PythonCppHomogeneousContainers/tests/unit/test_with_pymemtrace.py# 256 decode                              547561472            0
NEXT: 66073693     +2      2574.158961  CALL     /Library/Frameworks/Python.framework/Versions/3.9/lib/python3.9/random.py       # 334 randint                             531136512    -16424960
PREV: 73410513     +7336820 2593.636069  C_CALL   /Users/paulross/CLionProjects/PythonCppHomogeneousContainers/tests/unit/test_with_pymemtrace.py# 264 new_dict_from_std_map_str_str      1969115136            0
NEXT: 73410514     +7336821 2595.868980  C_RETURN /Users/paulross/CLionProjects/PythonCppHomogeneousContainers/tests/unit/test_with_pymemtrace.py# 264 new_dict_from_std_map_str_str      3028680704   1059565568
NEXT: 73410515     +1      2596.349456  C_CALL   /Users/paulross/CLionProjects/PythonCppHomogeneousContainers/tests/unit/test_with_pymemtrace.py# 265 perf_counter                       1982517248  -1046163456
PREV: 73410555     +40     2596.349828  RETURN   /Users/paulross/CLionProjects/PythonCppHomogeneousContainers/tests/unit/test_with_pymemtrace.py# 272 _test_new_dict_map_str             1982881792            0
NEXT: 73410556     +41     2596.635709  C_CALL   /Users/paulross/CLionProjects/PythonCppHomogeneousContainers/tests/unit/test_with_pymemtrace.py# 280 __exit__                            538656768  -1444225024
