      Event        dEvent  Clock        What     File                                                                            #line Function                                  RSS         dRSS
NEXT: 0            +0      2168.306043  CALL     test_with_pymemtrace.py# 192 _test_new_dict_unordered_map_bytes    565186560    565186560
PREV: 4207362      +4207362 2182.551632  RETURN   /Library/Frameworks/Python.framework/Versions/3.9/lib/python3.9/random.py       # 338 randint                            1477185536            0
NEXT: 4207363      +4207363 2182.556476  CALL     /Library/Frameworks/Python.framework/Versions/3.9/lib/python3.9/random.py       # 334 randint                            1481388032      4202496
PREV: 6305501      +2098138 2188.370552  C_CALL   test_with_pymemtrace.py# 216 new_dict_from_std_unordered_map_bytes_bytes   2020458496            0
NEXT: 6305502      +2098139 2190.461933  C_RETURN test_with_pymemtrace.py# 216 new_dict_from_std_unordered_map_bytes_bytes   3347832832   1327374336
NEXT: 6305503      +1      2190.848571  C_CALL   test_with_pymemtrace.py# 217 perf_counter                       2213982208  -1133850624
PREV: 6305506      +3      2190.848595  C_RETURN test_with_pymemtrace.py# 218 append                             2213982208            0
NEXT: 6305507      +4      2191.096461  CALL     /Library/Frameworks/Python.framework/Versions/3.9/lib/python3.9/random.py       # 334 randint                             586350592  -1627631616
PREV: 12597983     +6292476 2208.438825  C_CALL   test_with_pymemtrace.py# 216 new_dict_from_std_unordered_map_bytes_bytes   2018328576            0
NEXT: 12597984     +6292477 2210.446610  C_RETURN test_with_pymemtrace.py# 216 new_dict_from_std_unordered_map_bytes_bytes   3431952384   1413623808
NEXT: 12597985     +1      2210.863377  C_CALL   test_with_pymemtrace.py# 217 perf_counter                       2131820544  -1300131840
PREV: 12597988     +3      2210.863401  C_RETURN test_with_pymemtrace.py# 218 append                             2131820544            0
NEXT: 12597989     +4      2211.124624  CALL     /Library/Frameworks/Python.framework/Versions/3.9/lib/python3.9/random.py       # 334 randint                             438018048  -1693802496
PREV: 12859802     +261813 2211.779512  RETURN   /Library/Frameworks/Python.framework/Versions/3.9/lib/python3.9/random.py       # 338 randint                             446402560            0
NEXT: 12859803     +261814 2211.780222  CALL     /Library/Frameworks/Python.framework/Versions/3.9/lib/python3.9/random.py       # 334 randint                             447733760      1331200
PREV: 13122800     +262997 2212.488243  RETURN   /Library/Frameworks/Python.framework/Versions/3.9/lib/python3.9/random.py       # 338 randint                             448090112            0
NEXT: 13122801     +262998 2212.488827  CALL     /Library/Frameworks/Python.framework/Versions/3.9/lib/python3.9/random.py       # 334 randint                             448843776       753664
PREV: 13647834     +525033 2213.972874  RETURN   /Library/Frameworks/Python.framework/Versions/3.9/lib/python3.9/random.py       # 338 randint                             523898880            0
NEXT: 13647835     +525034 2213.975228  CALL     /Library/Frameworks/Python.framework/Versions/3.9/lib/python3.9/random.py       # 334 randint                             529166336      5267456
PREV: 18893615     +5245780 2228.526022  C_CALL   test_with_pymemtrace.py# 216 new_dict_from_std_unordered_map_bytes_bytes   1869012992            0
NEXT: 18893616     +5245781 2230.538185  C_RETURN test_with_pymemtrace.py# 216 new_dict_from_std_unordered_map_bytes_bytes   3515744256   1646731264
NEXT: 18893617     +1      2230.829919  C_CALL   test_with_pymemtrace.py# 217 perf_counter                       2081390592  -1434353664
PREV: 18893620     +3      2230.829936  C_RETURN test_with_pymemtrace.py# 218 append                             2081390592            0
NEXT: 18893621     +4      2231.085463  CALL     /Library/Frameworks/Python.framework/Versions/3.9/lib/python3.9/random.py       # 334 randint                             426426368  -1654964224
PREV: 25183225     +6289604 2248.449296  C_CALL   test_with_pymemtrace.py# 216 new_dict_from_std_unordered_map_bytes_bytes   1849946112            0
NEXT: 25183226     +6289605 2250.394805  C_RETURN test_with_pymemtrace.py# 216 new_dict_from_std_unordered_map_bytes_bytes   4032299008   2182352896
NEXT: 25183227     +1      2250.699522  C_CALL   test_with_pymemtrace.py# 217 perf_counter                       2195222528  -1837076480
PREV: 25183230     +3      2250.699541  C_RETURN test_with_pymemtrace.py# 218 append                             2195222528            0
NEXT: 25183231     +4      2250.954336  CALL     /Library/Frameworks/Python.framework/Versions/3.9/lib/python3.9/random.py       # 334 randint                             453935104  -1741287424
PREV: 25313630     +130399 2251.274615  RETURN   /Library/Frameworks/Python.framework/Versions/3.9/lib/python3.9/random.py       # 338 randint                             463589376            0
NEXT: 25313631     +130400 2251.274910  CALL     /Library/Frameworks/Python.framework/Versions/3.9/lib/python3.9/random.py       # 334 randint                             464183296       593920
PREV: 25444706     +131075 2251.620211  RETURN   /Library/Frameworks/Python.framework/Versions/3.9/lib/python3.9/random.py       # 338 randint                             464183296            0
NEXT: 25444707     +131076 2251.620833  CALL     /Library/Frameworks/Python.framework/Versions/3.9/lib/python3.9/random.py       # 334 randint                             465498112      1314816
PREV: 25707320     +262613 2252.349378  RETURN   /Library/Frameworks/Python.framework/Versions/3.9/lib/python3.9/random.py       # 338 randint                             465498112            0
NEXT: 25707321     +262614 2252.350728  CALL     /Library/Frameworks/Python.framework/Versions/3.9/lib/python3.9/random.py       # 334 randint                             468123648      2625536
PREV: 26231618     +524297 2253.800789  RETURN   /Library/Frameworks/Python.framework/Versions/3.9/lib/python3.9/random.py       # 338 randint                             546881536            0
NEXT: 26231619     +524298 2253.801674  CALL     /Library/Frameworks/Python.framework/Versions/3.9/lib/python3.9/random.py       # 334 randint                             547475456       593920
PREV: 31475855     +5244236 2268.300568  C_CALL   test_with_pymemtrace.py# 216 new_dict_from_std_unordered_map_bytes_bytes   1882624000            0
NEXT: 31475856     +5244237 2270.247122  C_RETURN test_with_pymemtrace.py# 216 new_dict_from_std_unordered_map_bytes_bytes   4195139584   2312515584
NEXT: 31475857     +1      2270.546967  C_CALL   test_with_pymemtrace.py# 217 perf_counter                       2165096448  -2030043136
PREV: 31475860     +3      2270.547068  C_RETURN test_with_pymemtrace.py# 218 append                             2165096448            0
NEXT: 31475861     +4      2270.780488  CALL     /Library/Frameworks/Python.framework/Versions/3.9/lib/python3.9/random.py       # 334 randint                             477081600  -1688014848
PREV: 32523522     +1047661 2273.612289  RETURN   /Library/Frameworks/Python.framework/Versions/3.9/lib/python3.9/random.py       # 338 randint                             581505024            0
NEXT: 32523523     +1047662 2273.613638  CALL     /Library/Frameworks/Python.framework/Versions/3.9/lib/python3.9/random.py       # 334 randint                             583376896      1871872
PREV: 37764299     +5240776 2288.108938  C_CALL   test_with_pymemtrace.py# 216 new_dict_from_std_unordered_map_bytes_bytes   1919414272            0
NEXT: 37764300     +5240777 2290.021085  C_RETURN test_with_pymemtrace.py# 216 new_dict_from_std_unordered_map_bytes_bytes   4472397824   2552983552
NEXT: 37764301     +1      2290.295919  C_CALL   test_with_pymemtrace.py# 217 perf_counter                       2375245824  -2097152000
PREV: 37764304     +3      2290.295937  C_RETURN test_with_pymemtrace.py# 218 append                             2375245824            0
NEXT: 37764305     +4      2290.495036  CALL     /Library/Frameworks/Python.framework/Versions/3.9/lib/python3.9/random.py       # 334 randint                             487825408  -1887420416
PREV: 44056369     +6292064 2307.840570  C_CALL   test_with_pymemtrace.py# 216 new_dict_from_std_unordered_map_bytes_bytes   1925087232            0
NEXT: 44056370     +6292065 2309.780373  C_RETURN test_with_pymemtrace.py# 216 new_dict_from_std_unordered_map_bytes_bytes   4228182016   2303094784
NEXT: 44056371     +1      2310.038221  C_CALL   test_with_pymemtrace.py# 217 perf_counter                       2089086976  -2139095040
PREV: 44056374     +3      2310.038239  C_RETURN test_with_pymemtrace.py# 218 append                             2089086976            0
NEXT: 44056375     +4      2310.214460  CALL     /Library/Frameworks/Python.framework/Versions/3.9/lib/python3.9/random.py       # 334 randint                             486862848  -1602224128
PREV: 45104982     +1048607 2313.046545  RETURN   /Library/Frameworks/Python.framework/Versions/3.9/lib/python3.9/random.py       # 338 randint                             606543872            0
NEXT: 45104983     +1048608 2313.047521  CALL     /Library/Frameworks/Python.framework/Versions/3.9/lib/python3.9/random.py       # 334 randint                             607363072       819200
PREV: 50345945     +5240962 2327.533405  C_CALL   test_with_pymemtrace.py# 216 new_dict_from_std_unordered_map_bytes_bytes   1944838144            0
NEXT: 50345946     +5240963 2329.469280  C_RETURN test_with_pymemtrace.py# 216 new_dict_from_std_unordered_map_bytes_bytes   4187185152   2242347008
NEXT: 50345947     +1      2329.713798  C_CALL   test_with_pymemtrace.py# 217 perf_counter                       2031312896  -2155872256
PREV: 50345950     +3      2329.713899  C_RETURN test_with_pymemtrace.py# 218 append                             2031312896            0
NEXT: 50345951     +4      2329.883394  CALL     /Library/Frameworks/Python.framework/Versions/3.9/lib/python3.9/random.py       # 334 randint                             521363456  -1509949440
PREV: 56636955     +6291004 2347.252319  C_CALL   test_with_pymemtrace.py# 216 new_dict_from_std_unordered_map_bytes_bytes   1970024448            0
NEXT: 56636956     +6291005 2349.331312  C_RETURN test_with_pymemtrace.py# 216 new_dict_from_std_unordered_map_bytes_bytes   3800719360   1830694912
NEXT: 56636957     +1      2349.718922  C_CALL   test_with_pymemtrace.py# 217 perf_counter                       2157703168  -1643016192
PREV: 56636960     +3      2349.718954  C_RETURN test_with_pymemtrace.py# 218 append                             2157711360         8192
NEXT: 56636961     +4      2349.968049  CALL     /Library/Frameworks/Python.framework/Versions/3.9/lib/python3.9/random.py       # 334 randint                             561176576  -1596534784
PREV: 62927667     +6290706 2367.314092  C_CALL   test_with_pymemtrace.py# 216 new_dict_from_std_unordered_map_bytes_bytes   1993363456            0
NEXT: 62927668     +6290707 2369.334006  C_RETURN test_with_pymemtrace.py# 216 new_dict_from_std_unordered_map_bytes_bytes   3462324224   1468960768
NEXT: 62927669     +1      2369.660205  C_CALL   test_with_pymemtrace.py# 217 perf_counter                       1968668672  -1493655552
PREV: 62927709     +40     2369.660612  RETURN   test_with_pymemtrace.py# 224 _test_new_dict_unordered_map_bytes   1969025024            0
NEXT: 62927710     +41     2369.926585  C_CALL   test_with_pymemtrace.py# 232 __exit__                            571301888  -1397723136
