      Event        dEvent  Clock        What     File                                                                            #line Function                                  RSS         dRSS
NEXT: 0            +0      1688.617337  CALL     test_with_pymemtrace.py# 143 _test_new_set_bytes                1400803328   1400803328
PREV: 12600735     +12600735 1720.039201  C_CALL   test_with_pymemtrace.py# 160 add                                2196500480            0
NEXT: 12600736     +12600736 1720.055005  C_RETURN test_with_pymemtrace.py# 160 add                                2230054912     33554432
PREV: 20991499     +8390763 1739.569648  C_CALL   test_with_pymemtrace.py# 167 new_set_bytes                      2876936192            0
NEXT: 20991500     +8390764 1742.865367  C_RETURN test_with_pymemtrace.py# 167 new_set_bytes                      2864513024    -12423168
NEXT: 20991501     +1      1743.684877  C_CALL   test_with_pymemtrace.py# 168 perf_counter                       1981300736   -883212288
PREV: 20991504     +3      1743.684916  C_RETURN test_with_pymemtrace.py# 169 append                             1981321216            0
NEXT: 20991505     +4      1744.464029  C_CALL   test_with_pymemtrace.py# 160 add                                 930689024  -1050632192
PREV: 21384197     +392692 1745.438696  C_CALL   test_with_pymemtrace.py# 160 add                                 930758656            0
NEXT: 21384198     +392693 1745.439601  C_RETURN test_with_pymemtrace.py# 160 add                                 932855808      2097152
PREV: 22564469     +1180271 1748.291838  C_CALL   test_with_pymemtrace.py# 160 add                                 932855808            0
NEXT: 22564470     +1180272 1748.293817  C_RETURN test_with_pymemtrace.py# 160 add                                 935673856      2818048
PREV: 24137689     +1573219 1752.014907  C_CALL   test_with_pymemtrace.py# 160 add                                1035743232         4096
NEXT: 24137690     +1573220 1752.018232  C_RETURN test_with_pymemtrace.py# 160 add                                1038282752      2539520
PREV: 41961873     +17824183 1793.573739  C_CALL   test_with_pymemtrace.py# 167 new_set_bytes                      2406563840            0
NEXT: 41961874     +17824184 1796.640592  C_RETURN test_with_pymemtrace.py# 167 new_set_bytes                      2649374720    242810880
NEXT: 41961875     +1      1797.553435  C_CALL   test_with_pymemtrace.py# 168 perf_counter                       1980076032   -669298688
PREV: 41961878     +3      1797.553456  C_RETURN test_with_pymemtrace.py# 169 append                             1980076032            0
NEXT: 41961879     +4      1798.118474  C_CALL   test_with_pymemtrace.py# 160 add                                 431198208  -1548877824
PREV: 62930473     +20968594 1847.294354  C_CALL   test_with_pymemtrace.py# 167 new_set_bytes                      1891184640            0
NEXT: 62930474     +20968595 1850.149958  C_RETURN test_with_pymemtrace.py# 167 new_set_bytes                      2731163648    839979008
NEXT: 62930475     +1      1851.114745  C_CALL   test_with_pymemtrace.py# 168 perf_counter                       2204479488   -526684160
PREV: 62930478     +3      1851.114771  C_RETURN test_with_pymemtrace.py# 169 append                             2204479488            0
NEXT: 62930479     +4      1851.654190  C_CALL   test_with_pymemtrace.py# 160 add                                 411148288  -1793331200
PREV: 83900267     +20969788 1900.648927  C_CALL   test_with_pymemtrace.py# 167 new_set_bytes                      1879511040            0
NEXT: 83900268     +20969789 1903.431450  C_RETURN test_with_pymemtrace.py# 167 new_set_bytes                      2962800640   1083289600
NEXT: 83900269     +1      1904.370578  C_CALL   test_with_pymemtrace.py# 168 perf_counter                       2127306752   -835493888
PREV: 83900272     +3      1904.370603  C_RETURN test_with_pymemtrace.py# 169 append                             2127306752            0
NEXT: 83900273     +4      1904.971908  C_CALL   test_with_pymemtrace.py# 160 add                                 420970496  -1706336256
PREV: 85472773     +1572500 1908.688500  C_CALL   test_with_pymemtrace.py# 160 add                                 420970496            0
NEXT: 85472774     +1572501 1908.690487  C_RETURN test_with_pymemtrace.py# 160 add                                 424902656      3932160
PREV: 104871075    +19398301 1954.078245  C_CALL   test_with_pymemtrace.py# 167 new_set_bytes                      1893269504            0
NEXT: 104871076    +19398302 1956.972680  C_RETURN test_with_pymemtrace.py# 167 new_set_bytes                      1967853568     74584064
NEXT: 104871077    +1      1957.934584  C_CALL   test_with_pymemtrace.py# 168 perf_counter                       1814028288   -153825280
PREV: 104871080    +3      1957.934607  C_RETURN test_with_pymemtrace.py# 169 append                             1814028288            0
NEXT: 104871081    +4      1958.672909  C_CALL   test_with_pymemtrace.py# 160 add                                 446279680  -1367748608
PREV: 108017201    +3146120 1966.113375  C_CALL   test_with_pymemtrace.py# 160 add                                 547930112         4096
NEXT: 108017202    +3146121 1966.116022  C_RETURN test_with_pymemtrace.py# 160 add                                 552026112      4096000
PREV: 125838673    +17821471 2007.703489  C_CALL   test_with_pymemtrace.py# 167 new_set_bytes                      1918734336            0
NEXT: 125838674    +17821472 2010.704026  C_RETURN test_with_pymemtrace.py# 167 new_set_bytes                      2541084672    622350336
NEXT: 125838675    +1      2011.665038  C_CALL   test_with_pymemtrace.py# 168 perf_counter                       2159894528   -381190144
PREV: 125838678    +3      2011.665069  C_RETURN test_with_pymemtrace.py# 169 append                             2159894528            0
NEXT: 125838679    +4      2012.225826  C_CALL   test_with_pymemtrace.py# 160 add                                 435269632  -1724624896
PREV: 127410423    +1571744 2015.947147  C_CALL   test_with_pymemtrace.py# 160 add                                 435269632            0
NEXT: 127410424    +1571745 2015.948507  C_RETURN test_with_pymemtrace.py# 160 add                                 437334016      2064384
PREV: 128983467    +1573043 2019.651119  C_CALL   test_with_pymemtrace.py# 160 add                                 541892608            0
NEXT: 128983468    +1573044 2019.654746  C_RETURN test_with_pymemtrace.py# 160 add                                 547381248      5488640
PREV: 146804603    +17821135 2061.217050  C_CALL   test_with_pymemtrace.py# 167 new_set_bytes                      1911189504            0
NEXT: 146804604    +17821136 2064.138117  C_RETURN test_with_pymemtrace.py# 167 new_set_bytes                      2953203712   1042014208
NEXT: 146804605    +1      2064.978608  C_CALL   test_with_pymemtrace.py# 168 perf_counter                       2208493568   -744710144
PREV: 146804608    +3      2064.978631  C_RETURN test_with_pymemtrace.py# 169 append                             2208493568            0
NEXT: 146804609    +4      2065.546335  C_CALL   test_with_pymemtrace.py# 160 add                                 462229504  -1746264064
PREV: 148376777    +1572168 2069.286177  C_CALL   test_with_pymemtrace.py# 160 add                                 462229504            0
NEXT: 148376778    +1572169 2069.287389  C_RETURN test_with_pymemtrace.py# 160 add                                 463671296      1441792
PREV: 149949817    +1573039 2072.980485  C_CALL   test_with_pymemtrace.py# 160 add                                 565702656         4096
NEXT: 149949818    +1573040 2072.982325  C_RETURN test_with_pymemtrace.py# 160 add                                 566063104       360448
PREV: 167776015    +17826197 2114.583778  C_CALL   test_with_pymemtrace.py# 167 new_set_bytes                      1932394496            0
NEXT: 167776016    +17826198 2117.571099  C_RETURN test_with_pymemtrace.py# 167 new_set_bytes                      1926750208     -5644288
NEXT: 167776017    +1      2118.557327  C_CALL   test_with_pymemtrace.py# 168 perf_counter                       1488941056   -437809152
PREV: 167776020    +3      2118.557349  C_RETURN test_with_pymemtrace.py# 169 append                             1488941056            0
NEXT: 167776021    +4      2119.362709  C_CALL   test_with_pymemtrace.py# 160 add                                 457412608  -1031528448
PREV: 169350585    +1574564 2123.118842  C_CALL   test_with_pymemtrace.py# 160 add                                 457412608            0
NEXT: 169350586    +1574565 2123.120403  C_RETURN test_with_pymemtrace.py# 160 add                                 460328960      2916352
PREV: 188747713    +19397127 2168.368599  C_CALL   test_with_pymemtrace.py# 167 new_set_bytes                      1928691712            0
NEXT: 188747714    +19397128 2171.540718  C_RETURN test_with_pymemtrace.py# 167 new_set_bytes                      2024402944     95711232
NEXT: 188747715    +1      2172.570840  C_CALL   test_with_pymemtrace.py# 168 perf_counter                       1865461760   -158941184
PREV: 188747718    +3      2172.570874  C_RETURN test_with_pymemtrace.py# 169 append                             1865469952         8192
NEXT: 188747719    +4      2173.202083  C_CALL   test_with_pymemtrace.py# 160 add                                 447782912  -1417687040
PREV: 191893825    +3146106 2180.640965  C_CALL   test_with_pymemtrace.py# 160 add                                 549863424            0
NEXT: 191893826    +3146107 2180.642348  C_RETURN test_with_pymemtrace.py# 160 add                                 549945344        81920
PREV: 209718399    +17824573 2222.319611  C_CALL   test_with_pymemtrace.py# 167 new_set_bytes                      1916235776            0
NEXT: 209718400    +17824574 2225.708860  C_RETURN test_with_pymemtrace.py# 167 new_set_bytes                      1912496128     -3739648
NEXT: 209718401    +1      2226.552507  C_CALL   test_with_pymemtrace.py# 168 perf_counter                       1054580736   -857915392
PREV: 209718406    +5      2226.552596  C_RETURN test_with_pymemtrace.py# 173 min                                1054666752         8192
NEXT: 209718407    +6      2226.552651  C_CALL   test_with_pymemtrace.py# 173 sum                                1054736384        69632
PREV: 209718415    +8      2226.552766  CALL     cPyCppContainers_3.11/lib/python3.11/site-packages/psutil/_common.py# 498 wrapper                            1054875648        45056
NEXT: 209718416    +9      2226.552837  CALL     cPyCppContainers_3.11/lib/python3.11/site-packages/psutil/__init__.py#1098 memory_info                        1054982144       106496
PREV: 209718441    +25     2226.553055  RETURN   test_with_pymemtrace.py# 175 _test_new_set_bytes                1055256576            0
NEXT: 209718442    +26     2227.596823  C_CALL   test_with_pymemtrace.py# 183 __exit__                            342933504   -712323072
