      Event        dEvent  Clock        What     File                                                                            #line Function                                  RSS         dRSS
NEXT: 0            +0      1807.330165  CALL     test_with_pymemtrace.py# 143 _test_new_set_bytes                1563439104   1563439104
PREV: 12604489     +12604489 1839.468982  C_CALL   test_with_pymemtrace.py# 160 add                                2356232192            0
NEXT: 12604490     +12604490 1839.482151  C_RETURN test_with_pymemtrace.py# 160 add                                2389786624     33554432
PREV: 20991791     +8387301 1859.876728  C_CALL   test_with_pymemtrace.py# 167 new_set_bytes                      3036229632            0
NEXT: 20991792     +8387302 1863.043772  C_RETURN test_with_pymemtrace.py# 167 new_set_bytes                      3359117312    322887680
NEXT: 20991793     +1      1863.670286  C_CALL   test_with_pymemtrace.py# 168 perf_counter                       2020724736  -1338392576
PREV: 20991796     +3      1863.670319  C_RETURN test_with_pymemtrace.py# 169 append                             2020745216            0
NEXT: 20991797     +4      1864.523586  C_CALL   test_with_pymemtrace.py# 160 add                                1035431936   -985313280
PREV: 24138097     +3146300 1872.098309  C_CALL   test_with_pymemtrace.py# 160 add                                1120845824         4096
NEXT: 24138098     +3146301 1872.101999  C_RETURN test_with_pymemtrace.py# 160 add                                1124024320      3178496
PREV: 41958573     +17820475 1914.343482  C_CALL   test_with_pymemtrace.py# 167 new_set_bytes                      2482262016        16384
NEXT: 41958574     +17820476 1917.094003  C_RETURN test_with_pymemtrace.py# 167 new_set_bytes                      4986462208   2504200192
NEXT: 41958575     +1      1917.555440  C_CALL   test_with_pymemtrace.py# 168 perf_counter                       2830598144  -2155864064
PREV: 41958578     +3      1917.555465  C_RETURN test_with_pymemtrace.py# 169 append                             2830598144            0
NEXT: 41958579     +4      1918.016656  C_CALL   test_with_pymemtrace.py# 160 add                                1057550336  -1773047808
PREV: 62930085     +20971506 1967.793109  C_CALL   test_with_pymemtrace.py# 167 new_set_bytes                      2501029888            0
NEXT: 62930086     +20971507 1970.577427  C_RETURN test_with_pymemtrace.py# 167 new_set_bytes                      4836962304   2335932416
NEXT: 62930087     +1      1970.987870  C_CALL   test_with_pymemtrace.py# 168 perf_counter                       2798542848  -2038419456
PREV: 62930090     +3      1970.987895  C_RETURN test_with_pymemtrace.py# 169 append                             2798542848            0
NEXT: 62930091     +4      1971.395550  C_CALL   test_with_pymemtrace.py# 160 add                                1109446656  -1689096192
PREV: 66074011     +3143920 1978.897085  C_CALL   test_with_pymemtrace.py# 160 add                                1178177536         4096
NEXT: 66074012     +3143921 1978.898497  C_RETURN test_with_pymemtrace.py# 160 add                                1178308608       131072
PREV: 83901237     +17827225 2021.490208  C_CALL   test_with_pymemtrace.py# 167 new_set_bytes                      2544734208            0
NEXT: 83901238     +17827226 2024.527175  C_RETURN test_with_pymemtrace.py# 167 new_set_bytes                      3616837632   1072103424
NEXT: 83901239     +1      2025.317953  C_CALL   test_with_pymemtrace.py# 168 perf_counter                       2889957376   -726880256
PREV: 83901242     +3      2025.317978  C_RETURN test_with_pymemtrace.py# 169 append                             2889957376            0
NEXT: 83901243     +4      2025.873801  C_CALL   test_with_pymemtrace.py# 160 add                                1120718848  -1769238528
PREV: 104874315    +20973072 2075.691663  C_CALL   test_with_pymemtrace.py# 167 new_set_bytes                      2564194304            0
NEXT: 104874316    +20973073 2078.487738  C_RETURN test_with_pymemtrace.py# 167 new_set_bytes                      4490031104   1925836800
NEXT: 104874317    +1      2078.897964  C_CALL   test_with_pymemtrace.py# 168 perf_counter                       2787151872  -1702879232
PREV: 104874320    +3      2078.897988  C_RETURN test_with_pymemtrace.py# 169 append                             2787151872            0
NEXT: 104874321    +4      2079.322104  C_CALL   test_with_pymemtrace.py# 160 add                                 888152064  -1898999808
PREV: 125846239    +20971918 2129.189569  C_CALL   test_with_pymemtrace.py# 167 new_set_bytes                      2331623424            0
NEXT: 125846240    +20971919 2132.012931  C_RETURN test_with_pymemtrace.py# 167 new_set_bytes                      4277743616   1946120192
NEXT: 125846241    +1      2132.401016  C_CALL   test_with_pymemtrace.py# 168 perf_counter                       2499375104  -1778368512
PREV: 125846244    +3      2132.401040  C_RETURN test_with_pymemtrace.py# 169 append                             2499375104            0
NEXT: 125846245    +4      2132.825298  C_CALL   test_with_pymemtrace.py# 160 add                                 634052608  -1865322496
PREV: 146814033    +20967788 2183.199556  C_CALL   test_with_pymemtrace.py# 167 new_set_bytes                      2077536256            0
NEXT: 146814034    +20967789 2186.050597  C_RETURN test_with_pymemtrace.py# 167 new_set_bytes                      3949924352   1872388096
NEXT: 146814035    +1      2186.642964  C_CALL   test_with_pymemtrace.py# 168 perf_counter                       2619297792  -1330626560
PREV: 146814038    +3      2186.643003  C_RETURN test_with_pymemtrace.py# 169 append                             2619297792            0
NEXT: 146814039    +4      2187.126300  C_CALL   test_with_pymemtrace.py# 160 add                                 673767424  -1945530368
PREV: 167780517    +20966478 2237.063530  C_CALL   test_with_pymemtrace.py# 167 new_set_bytes                      2117246976            0
NEXT: 167780518    +20966479 2240.023130  C_RETURN test_with_pymemtrace.py# 167 new_set_bytes                      3629211648   1511964672
NEXT: 167780519    +1      2240.476227  C_CALL   test_with_pymemtrace.py# 168 perf_counter                       2107772928  -1521438720
PREV: 167780522    +3      2240.476248  C_RETURN test_with_pymemtrace.py# 169 append                             2107772928            0
NEXT: 167780523    +4      2241.155589  C_CALL   test_with_pymemtrace.py# 160 add                                 576184320  -1531588608
PREV: 170926659    +3146136 2248.666232  C_CALL   test_with_pymemtrace.py# 160 add                                 661544960            0
NEXT: 170926660    +3146137 2248.669221  C_RETURN test_with_pymemtrace.py# 160 add                                 666755072      5210112
PREV: 188753291    +17826631 2291.218722  C_CALL   test_with_pymemtrace.py# 167 new_set_bytes                      2024902656            0
NEXT: 188753292    +17826632 2294.215677  C_RETURN test_with_pymemtrace.py# 167 new_set_bytes                      2987888640    962985984
NEXT: 188753293    +1      2295.087916  C_CALL   test_with_pymemtrace.py# 168 perf_counter                       2124046336   -863842304
PREV: 188753296    +3      2295.087956  C_RETURN test_with_pymemtrace.py# 169 append                             2124054528         8192
NEXT: 188753297    +4      2295.737474  C_CALL   test_with_pymemtrace.py# 160 add                                 534999040  -1589055488
PREV: 190326517    +1573220 2299.545661  C_CALL   test_with_pymemtrace.py# 160 add                                 534999040            0
NEXT: 190326518    +1573221 2299.546770  C_RETURN test_with_pymemtrace.py# 160 add                                 536293376      1294336
PREV: 191899453    +1572935 2303.325798  C_CALL   test_with_pymemtrace.py# 160 add                                 612777984            0
NEXT: 191899454    +1572936 2303.328358  C_RETURN test_with_pymemtrace.py# 160 add                                 613695488       917504
PREV: 209723721    +17824267 2345.679875  C_CALL   test_with_pymemtrace.py# 167 new_set_bytes                      1980690432            0
NEXT: 209723722    +17824268 2348.504556  C_RETURN test_with_pymemtrace.py# 167 new_set_bytes                      3793240064   1812549632
NEXT: 209723723    +1      2348.961650  C_CALL   test_with_pymemtrace.py# 168 perf_counter                       1972920320  -1820319744
PREV: 209723737    +14     2348.961866  CALL     cPyCppContainers_3.13/lib/python3.13/site-packages/psutil/_common.py# 498 wrapper                            1973084160        36864
NEXT: 209723738    +15     2348.961939  CALL     cPyCppContainers_3.13/lib/python3.13/site-packages/psutil/__init__.py#1098 memory_info                        1973190656       106496
PREV: 209723763    +25     2348.962129  RETURN   test_with_pymemtrace.py# 175 _test_new_set_bytes                1973379072            0
NEXT: 209723764    +26     2349.578530  C_CALL   test_with_pymemtrace.py# 183 __exit__                            540172288  -1433206784
