      Event        dEvent  Clock        What     File                                                                            #line Function                                  RSS         dRSS
NEXT: 0            +0      2603.829568  CALL     test_with_pymemtrace.py# 240 _test_new_dict_map_str              616443904    616443904
PREV: 18556        +18556  2603.862271  C_RETURN test_with_pymemtrace.py# 256 decode                              616448000            0
NEXT: 18557        +18557  2603.862707  CALL     /Library/Frameworks/Python.framework/Versions/3.13/lib/python3.13/random.py     # 336 randint                             608059392     -8388608
PREV: 149496       +130939 2604.154680  C_RETURN test_with_pymemtrace.py# 256 decode                              613937152            0
NEXT: 149497       +130940 2604.155229  CALL     /Library/Frameworks/Python.framework/Versions/3.13/lib/python3.13/random.py     # 336 randint                             605548544     -8388608
PREV: 3513668      +3364171 2612.389116  C_RETURN test_with_pymemtrace.py# 256 decode                              981397504            0
NEXT: 3513669      +3364172 2612.397540  CALL     /Library/Frameworks/Python.framework/Versions/3.13/lib/python3.13/random.py     # 336 randint                             982695936      1298432
PREV: 7009498      +3495829 2623.093030  C_RETURN test_with_pymemtrace.py# 256 decode                             1515249664            0
NEXT: 7009499      +3495830 2623.109056  CALL     /Library/Frameworks/Python.framework/Versions/3.13/lib/python3.13/random.py     # 336 randint                            1520128000      4878336
PREV: 10504547     +3495048 2631.596583  C_CALL   test_with_pymemtrace.py# 264 new_dict_from_std_map_str_str      2059190272            0
NEXT: 10504548     +3495049 2634.155156  C_RETURN test_with_pymemtrace.py# 264 new_dict_from_std_map_str_str      3102126080   1042935808
NEXT: 10504549     +1      2634.361431  C_CALL   test_with_pymemtrace.py# 265 perf_counter                       1460662272  -1641463808
PREV: 10504552     +3      2634.361486  C_RETURN test_with_pymemtrace.py# 266 append                             1460715520            0
NEXT: 10504553     +4      2634.718452  C_CALL   test_with_pymemtrace.py# 256 decode                              339476480  -1121239040
PREV: 10504554     +1      2634.718465  C_RETURN test_with_pymemtrace.py# 256 decode                              339476480            0
NEXT: 10504555     +2      2634.718859  CALL     /Library/Frameworks/Python.framework/Versions/3.13/lib/python3.13/random.py     # 336 randint                             323342336    -16134144
PREV: 10531726     +27171  2634.776512  C_RETURN test_with_pymemtrace.py# 256 decode                              323510272            0
NEXT: 10531727     +27172  2634.776554  CALL     /Library/Frameworks/Python.framework/Versions/3.13/lib/python3.13/random.py     # 336 randint                             323584000        73728
PREV: 10559116     +27389  2634.834879  C_RETURN test_with_pymemtrace.py# 256 decode                              325722112            0
NEXT: 10559117     +27390  2634.834936  CALL     /Library/Frameworks/Python.framework/Versions/3.13/lib/python3.13/random.py     # 336 randint                             325832704       110592
PREV: 10613456     +54339  2634.950053  C_RETURN test_with_pymemtrace.py# 256 decode                              325836800            0
NEXT: 10613457     +54340  2634.950173  CALL     /Library/Frameworks/Python.framework/Versions/3.13/lib/python3.13/random.py     # 336 randint                             326045696       208896
PREV: 10722680     +109223 2635.188386  C_RETURN test_with_pymemtrace.py# 256 decode                              326045696            0
NEXT: 10722681     +109224 2635.188646  CALL     /Library/Frameworks/Python.framework/Versions/3.13/lib/python3.13/random.py     # 336 randint                             326463488       417792
PREV: 10940818     +218137 2635.699720  C_RETURN test_with_pymemtrace.py# 256 decode                              326463488            0
NEXT: 10940819     +218138 2635.700437  CALL     /Library/Frameworks/Python.framework/Versions/3.13/lib/python3.13/random.py     # 336 randint                             327426048       962560
PREV: 11378040     +437221 2636.799361  C_RETURN test_with_pymemtrace.py# 256 decode                              327426048            0
NEXT: 11378041     +437222 2636.800811  CALL     /Library/Frameworks/Python.framework/Versions/3.13/lib/python3.13/random.py     # 336 randint                             329351168      1925120
PREV: 12252682     +874641 2638.960028  C_RETURN test_with_pymemtrace.py# 256 decode                              429899776            0
NEXT: 12252683     +874642 2638.962853  CALL     /Library/Frameworks/Python.framework/Versions/3.13/lib/python3.13/random.py     # 336 randint                             433766400      3866624
PREV: 13999700     +1747017 2643.229524  C_RETURN test_with_pymemtrace.py# 256 decode                              700129280            0
NEXT: 13999701     +1747018 2643.235325  CALL     /Library/Frameworks/Python.framework/Versions/3.13/lib/python3.13/random.py     # 336 randint                             707837952      7708672
PREV: 17495282     +3495581 2651.744183  C_RETURN test_with_pymemtrace.py# 256 decode                             1246912512            0
NEXT: 17495283     +3495582 2651.754112  CALL     /Library/Frameworks/Python.framework/Versions/3.13/lib/python3.13/random.py     # 336 randint                            1251102720      4190208
PREV: 20991013     +3495730 2660.222137  C_CALL   test_with_pymemtrace.py# 264 new_dict_from_std_map_str_str      1790189568        12288
NEXT: 20991014     +3495731 2662.375578  C_RETURN test_with_pymemtrace.py# 264 new_dict_from_std_map_str_str      3833217024   2043027456
NEXT: 20991015     +1      2662.615858  C_CALL   test_with_pymemtrace.py# 265 perf_counter                       2098855936  -1734361088
PREV: 20991018     +3      2662.615882  C_RETURN test_with_pymemtrace.py# 266 append                             2098855936            0
NEXT: 20991019     +4      2662.861330  C_CALL   test_with_pymemtrace.py# 256 decode                              354177024  -1744678912
PREV: 20991020     +1      2662.861339  C_RETURN test_with_pymemtrace.py# 256 decode                              354177024            0
NEXT: 20991021     +2      2662.861613  CALL     /Library/Frameworks/Python.framework/Versions/3.13/lib/python3.13/random.py     # 336 randint                             345788416     -8388608
PREV: 20991038     +17     2662.861674  C_RETURN test_with_pymemtrace.py# 256 decode                              345788416            0
NEXT: 20991039     +18     2662.861934  CALL     /Library/Frameworks/Python.framework/Versions/3.13/lib/python3.13/random.py     # 336 randint                             337399808     -8388608
PREV: 21045740     +54701  2662.978620  C_RETURN test_with_pymemtrace.py# 256 decode                              343781376            0
NEXT: 21045741     +54702  2662.978719  CALL     /Library/Frameworks/Python.framework/Versions/3.13/lib/python3.13/random.py     # 336 randint                             343891968       110592
PREV: 21100224     +54483  2663.094012  C_RETURN test_with_pymemtrace.py# 256 decode                              343891968            0
NEXT: 21100225     +54484  2663.094163  CALL     /Library/Frameworks/Python.framework/Versions/3.13/lib/python3.13/random.py     # 336 randint                             344100864       208896
PREV: 21428118     +327893 2663.883427  C_RETURN test_with_pymemtrace.py# 256 decode                              344117248            0
NEXT: 21428119     +327894 2663.883812  CALL     /Library/Frameworks/Python.framework/Versions/3.13/lib/python3.13/random.py     # 336 randint                             344211456        94208
PREV: 21865244     +437125 2664.951734  C_RETURN test_with_pymemtrace.py# 256 decode                              348340224            0
NEXT: 21865245     +437126 2664.952628  CALL     /Library/Frameworks/Python.framework/Versions/3.13/lib/python3.13/random.py     # 336 randint                             348405760        65536
PREV: 22739986     +874741 2667.094076  C_RETURN test_with_pymemtrace.py# 256 decode                              453054464            0
NEXT: 22739987     +874742 2667.098918  CALL     /Library/Frameworks/Python.framework/Versions/3.13/lib/python3.13/random.py     # 336 randint                             456900608      3846144
PREV: 31479823     +8739836 2688.561144  C_CALL   test_with_pymemtrace.py# 264 new_dict_from_std_map_str_str      1796571136            0
NEXT: 31479824     +8739837 2690.728406  C_RETURN test_with_pymemtrace.py# 264 new_dict_from_std_map_str_str      3681390592   1884819456
NEXT: 31479825     +1      2691.072512  C_CALL   test_with_pymemtrace.py# 265 perf_counter                       2069536768  -1611853824
PREV: 31479828     +3      2691.072535  C_RETURN test_with_pymemtrace.py# 266 append                             2069536768            0
NEXT: 31479829     +4      2691.323516  C_CALL   test_with_pymemtrace.py# 256 decode                              417312768  -1652224000
PREV: 31479830     +1      2691.323526  C_RETURN test_with_pymemtrace.py# 256 decode                              417312768            0
NEXT: 31479831     +2      2691.323997  CALL     /Library/Frameworks/Python.framework/Versions/3.13/lib/python3.13/random.py     # 336 randint                             400535552    -16777216
PREV: 31546558     +66727  2691.474216  C_RETURN test_with_pymemtrace.py# 256 decode                              403337216            0
NEXT: 31546559     +66728  2691.474617  CALL     /Library/Frameworks/Python.framework/Versions/3.13/lib/python3.13/random.py     # 336 randint                             394948608     -8388608
PREV: 31589036     +42477  2691.576680  C_RETURN test_with_pymemtrace.py# 256 decode                              401387520         4096
NEXT: 31589037     +42478  2691.576815  CALL     /Library/Frameworks/Python.framework/Versions/3.13/lib/python3.13/random.py     # 336 randint                             401596416       208896
PREV: 31697952     +108915 2691.833840  C_RETURN test_with_pymemtrace.py# 256 decode                              403415040            0
NEXT: 31697953     +108916 2691.834123  CALL     /Library/Frameworks/Python.framework/Versions/3.13/lib/python3.13/random.py     # 336 randint                             403832832       417792
PREV: 31916224     +218271 2692.342119  C_RETURN test_with_pymemtrace.py# 256 decode                              403832832            0
NEXT: 31916225     +218272 2692.342817  CALL     /Library/Frameworks/Python.framework/Versions/3.13/lib/python3.13/random.py     # 336 randint                             404795392       962560
PREV: 32353040     +436815 2693.413853  C_RETURN test_with_pymemtrace.py# 256 decode                              404795392            0
NEXT: 32353041     +436816 2693.414706  CALL     /Library/Frameworks/Python.framework/Versions/3.13/lib/python3.13/random.py     # 336 randint                             404926464       131072
PREV: 34975096     +2622055 2699.823217  C_RETURN test_with_pymemtrace.py# 256 decode                              776888320            0
NEXT: 34975097     +2622056 2699.828730  CALL     /Library/Frameworks/Python.framework/Versions/3.13/lib/python3.13/random.py     # 336 randint                             782536704      5648384
PREV: 41965511     +6990414 2716.849264  C_CALL   test_with_pymemtrace.py# 264 new_dict_from_std_map_str_str      1854271488            0
NEXT: 41965512     +6990415 2718.914030  C_RETURN test_with_pymemtrace.py# 264 new_dict_from_std_map_str_str      4221353984   2367082496
NEXT: 41965513     +1      2719.199362  C_CALL   test_with_pymemtrace.py# 265 perf_counter                       2180055040  -2041298944
PREV: 41965516     +3      2719.199381  C_RETURN test_with_pymemtrace.py# 266 append                             2180055040            0
NEXT: 41965517     +4      2719.454561  C_CALL   test_with_pymemtrace.py# 256 decode                              421269504  -1758785536
PREV: 41965518     +1      2719.454574  C_RETURN test_with_pymemtrace.py# 256 decode                              421269504            0
NEXT: 41965519     +2      2719.455025  CALL     /Library/Frameworks/Python.framework/Versions/3.13/lib/python3.13/random.py     # 336 randint                             404836352    -16433152
PREV: 42385326     +419807 2720.423517  C_RETURN test_with_pymemtrace.py# 256 decode                              411717632            0
NEXT: 42385327     +419808 2720.424013  CALL     /Library/Frameworks/Python.framework/Versions/3.13/lib/python3.13/random.py     # 336 randint                             403329024     -8388608
PREV: 52454709     +10069382 2744.999572  C_CALL   test_with_pymemtrace.py# 264 new_dict_from_std_map_str_str      1851301888            0
NEXT: 52454710     +10069383 2747.096663  C_RETURN test_with_pymemtrace.py# 264 new_dict_from_std_map_str_str      3910533120   2059231232
NEXT: 52454711     +1      2747.402131  C_CALL   test_with_pymemtrace.py# 265 perf_counter                       2112196608  -1798336512
PREV: 52454714     +3      2747.402158  C_RETURN test_with_pymemtrace.py# 266 append                             2112196608            0
NEXT: 52454715     +4      2747.657280  C_CALL   test_with_pymemtrace.py# 256 decode                              448512000  -1663684608
PREV: 52454716     +1      2747.657290  C_RETURN test_with_pymemtrace.py# 256 decode                              448512000            0
NEXT: 52454717     +2      2747.657741  CALL     /Library/Frameworks/Python.framework/Versions/3.13/lib/python3.13/random.py     # 336 randint                             431734784    -16777216
PREV: 52750034     +295317 2748.301646  C_RETURN test_with_pymemtrace.py# 256 decode                              434253824            0
NEXT: 52750035     +295318 2748.302121  CALL     /Library/Frameworks/Python.framework/Versions/3.13/lib/python3.13/random.py     # 336 randint                             425865216     -8388608
PREV: 52750054     +19     2748.302196  C_RETURN test_with_pymemtrace.py# 256 decode                              425865216            0
NEXT: 52750055     +20     2748.302573  CALL     /Library/Frameworks/Python.framework/Versions/3.13/lib/python3.13/random.py     # 336 randint                             417476608     -8388608
PREV: 62941921     +10191866 2773.259486  C_CALL   test_with_pymemtrace.py# 264 new_dict_from_std_map_str_str      1886535680            0
NEXT: 62941922     +10191867 2775.449014  C_RETURN test_with_pymemtrace.py# 264 new_dict_from_std_map_str_str      3031814144   1145278464
NEXT: 62941923     +1      2775.784526  C_CALL   test_with_pymemtrace.py# 265 perf_counter                       1980624896  -1051189248
PREV: 62941926     +3      2775.784545  C_RETURN test_with_pymemtrace.py# 266 append                             1980624896            0
NEXT: 62941927     +4      2776.037810  C_CALL   test_with_pymemtrace.py# 256 decode                              486207488  -1494417408
PREV: 62941928     +1      2776.037820  C_RETURN test_with_pymemtrace.py# 256 decode                              486207488            0
NEXT: 62941929     +2      2776.038304  CALL     /Library/Frameworks/Python.framework/Versions/3.13/lib/python3.13/random.py     # 336 randint                             469430272    -16777216
PREV: 73430355     +10488426 2801.662040  C_CALL   test_with_pymemtrace.py# 264 new_dict_from_std_map_str_str      1924190208            0
NEXT: 73430356     +10488427 2804.029723  C_RETURN test_with_pymemtrace.py# 264 new_dict_from_std_map_str_str      3661688832   1737498624
NEXT: 73430357     +1      2804.282424  C_CALL   test_with_pymemtrace.py# 265 perf_counter                       1938251776  -1723437056
PREV: 73430360     +3      2804.282454  C_RETURN test_with_pymemtrace.py# 266 append                             1938251776            0
NEXT: 73430361     +4      2804.615902  C_CALL   test_with_pymemtrace.py# 256 decode                              512851968  -1425399808
PREV: 73430362     +1      2804.615911  C_RETURN test_with_pymemtrace.py# 256 decode                              512851968            0
NEXT: 73430363     +2      2804.616316  CALL     /Library/Frameworks/Python.framework/Versions/3.13/lib/python3.13/random.py     # 336 randint                             496476160    -16375808
PREV: 73625650     +195287 2805.033582  C_RETURN test_with_pymemtrace.py# 256 decode                              502759424            0
NEXT: 73625651     +195288 2805.034008  CALL     /Library/Frameworks/Python.framework/Versions/3.13/lib/python3.13/random.py     # 336 randint                             494370816     -8388608
PREV: 73627184     +1533   2805.037901  C_RETURN test_with_pymemtrace.py# 256 decode                              494374912            0
NEXT: 73627185     +1534   2805.038236  CALL     /Library/Frameworks/Python.framework/Versions/3.13/lib/python3.13/random.py     # 336 randint                             485986304     -8388608
PREV: 73627202     +17     2805.038297  C_RETURN test_with_pymemtrace.py# 256 decode                              485986304            0
NEXT: 73627203     +18     2805.038606  CALL     /Library/Frameworks/Python.framework/Versions/3.13/lib/python3.13/random.py     # 336 randint                             477597696     -8388608
PREV: 83918973     +10291770 2830.139572  C_CALL   test_with_pymemtrace.py# 264 new_dict_from_std_map_str_str      1942847488            0
NEXT: 83918974     +10291771 2832.272198  C_RETURN test_with_pymemtrace.py# 264 new_dict_from_std_map_str_str      3766284288   1823436800
NEXT: 83918975     +1      2832.535217  C_CALL   test_with_pymemtrace.py# 265 perf_counter                       2119438336  -1646845952
PREV: 83918978     +3      2832.535239  C_RETURN test_with_pymemtrace.py# 266 append                             2119438336            0
NEXT: 83918979     +4      2832.780815  C_CALL   test_with_pymemtrace.py# 256 decode                              369479680  -1749958656
PREV: 83918980     +1      2832.780825  C_RETURN test_with_pymemtrace.py# 256 decode                              369479680            0
NEXT: 83918981     +2      2832.781418  CALL     /Library/Frameworks/Python.framework/Versions/3.13/lib/python3.13/random.py     # 336 randint                             352702464    -16777216
PREV: 83946244     +27263  2832.838941  C_RETURN test_with_pymemtrace.py# 256 decode                              353435648            0
NEXT: 83946245     +27264  2832.839071  CALL     /Library/Frameworks/Python.framework/Versions/3.13/lib/python3.13/random.py     # 336 randint                             353505280        69632
PREV: 83973518     +27273  2832.897536  C_RETURN test_with_pymemtrace.py# 256 decode                              357642240            0
NEXT: 83973519     +27274  2832.897631  CALL     /Library/Frameworks/Python.framework/Versions/3.13/lib/python3.13/random.py     # 336 randint                             357748736       106496
PREV: 83998882     +25363  2832.952818  C_RETURN test_with_pymemtrace.py# 256 decode                              357748736            0
NEXT: 83998883     +25364  2832.953301  CALL     /Library/Frameworks/Python.framework/Versions/3.13/lib/python3.13/random.py     # 336 randint                             349360128     -8388608
PREV: 83999004     +121    2832.953596  C_RETURN test_with_pymemtrace.py# 256 decode                              349364224            0
NEXT: 83999005     +122    2832.953983  CALL     /Library/Frameworks/Python.framework/Versions/3.13/lib/python3.13/random.py     # 336 randint                             340975616     -8388608
PREV: 84792960     +793955 2834.840904  C_RETURN test_with_pymemtrace.py# 256 decode                              349446144            0
NEXT: 84792961     +793956 2834.842304  CALL     /Library/Frameworks/Python.framework/Versions/3.13/lib/python3.13/random.py     # 336 randint                             351371264      1925120
PREV: 90909182     +6116221 2849.807828  C_RETURN test_with_pymemtrace.py# 256 decode                             1262104576            0
NEXT: 90909183     +6116222 2849.822093  CALL     /Library/Frameworks/Python.framework/Versions/3.13/lib/python3.13/random.py     # 336 randint                            1264185344      2080768
PREV: 94403613     +3494430 2858.335252  C_CALL   test_with_pymemtrace.py# 264 new_dict_from_std_map_str_str      1803255808            0
NEXT: 94403614     +3494431 2860.420851  C_RETURN test_with_pymemtrace.py# 264 new_dict_from_std_map_str_str      3853910016   2050654208
NEXT: 94403615     +1      2860.722705  C_CALL   test_with_pymemtrace.py# 265 perf_counter                       2070568960  -1783341056
PREV: 94403618     +3      2860.722735  C_RETURN test_with_pymemtrace.py# 266 append                             2070577152         8192
NEXT: 94403619     +4      2860.979533  C_CALL   test_with_pymemtrace.py# 256 decode                              400207872  -1670369280
PREV: 94403620     +1      2860.979544  C_RETURN test_with_pymemtrace.py# 256 decode                              400207872            0
NEXT: 94403621     +2      2860.979999  CALL     /Library/Frameworks/Python.framework/Versions/3.13/lib/python3.13/random.py     # 336 randint                             383430656    -16777216
PREV: 94512588     +108967 2861.210933  C_RETURN test_with_pymemtrace.py# 256 decode                              383610880            0
NEXT: 94512589     +108968 2861.211047  CALL     /Library/Frameworks/Python.framework/Versions/3.13/lib/python3.13/random.py     # 336 randint                             383819776       208896
PREV: 94621656     +109067 2861.450625  C_RETURN test_with_pymemtrace.py# 256 decode                              383819776            0
NEXT: 94621657     +109068 2861.450894  CALL     /Library/Frameworks/Python.framework/Versions/3.13/lib/python3.13/random.py     # 336 randint                             384237568       417792
PREV: 94790870     +169213 2861.860914  C_RETURN test_with_pymemtrace.py# 256 decode                              384237568            0
NEXT: 94790871     +169214 2861.861342  CALL     /Library/Frameworks/Python.framework/Versions/3.13/lib/python3.13/random.py     # 336 randint                             375848960     -8388608
PREV: 94790888     +17     2861.861416  C_RETURN test_with_pymemtrace.py# 256 decode                              375848960            0
NEXT: 94790889     +18     2861.861762  CALL     /Library/Frameworks/Python.framework/Versions/3.13/lib/python3.13/random.py     # 336 randint                             367460352     -8388608
PREV: 94839666     +48777  2861.995367  C_RETURN test_with_pymemtrace.py# 256 decode                              368283648            0
NEXT: 94839667     +48778  2861.996048  CALL     /Library/Frameworks/Python.framework/Versions/3.13/lib/python3.13/random.py     # 336 randint                             369246208       962560
PREV: 96150600     +1310933 2865.221620  C_RETURN test_with_pymemtrace.py# 256 decode                              482086912         4096
NEXT: 96150601     +1310934 2865.226053  CALL     /Library/Frameworks/Python.framework/Versions/3.13/lib/python3.13/random.py     # 336 randint                             484540416      2453504
PREV: 104890747    +8740146 2886.541693  C_CALL   test_with_pymemtrace.py# 264 new_dict_from_std_map_str_str      1825452032            0
NEXT: 104890748    +8740147 2888.688536  C_RETURN test_with_pymemtrace.py# 264 new_dict_from_std_map_str_str      3743399936   1917947904
NEXT: 104890749    +1      2889.015975  C_CALL   test_with_pymemtrace.py# 265 perf_counter                       1916444672  -1826955264
PREV: 104890763    +14     2889.016188  CALL     cPyCppContainers_3.13/lib/python3.13/site-packages/psutil/_common.py# 498 wrapper                            1916637184        49152
NEXT: 104890764    +15     2889.016257  CALL     cPyCppContainers_3.13/lib/python3.13/site-packages/psutil/__init__.py#1098 memory_info                        1916755968       118784
PREV: 104890789    +25     2889.016429  RETURN   test_with_pymemtrace.py# 272 _test_new_dict_map_str             1916964864            0
NEXT: 104890790    +26     2889.261579  C_CALL   test_with_pymemtrace.py# 279 __exit__                            420945920  -1496018944
