      Event        dEvent  Clock        What     File                                                                            #line Function                                  RSS         dRSS
NEXT: 0            +0      1716.627866  CALL     test_with_pymemtrace.py#  22 _test_new_list_bool                 328974336    328974336
NEXT: 1            +1      1716.627896  CALL     cPyCppContainers_3.13/lib/python3.13/site-packages/psutil/__init__.py# 318 __init__                            328994816        20480
NEXT: 2            +1      1716.627904  CALL     cPyCppContainers_3.13/lib/python3.13/site-packages/psutil/__init__.py# 321 _init                               328998912         4096
NEXT: 3            +1      1716.627908  C_CALL   cPyCppContainers_3.13/lib/python3.13/site-packages/psutil/__init__.py# 323 getpid                              329007104         8192
PREV: 5            +2      1716.627916  CALL     /Library/Frameworks/Python.framework/Versions/3.13/lib/python3.13/threading.py  # 122 RLock                               329007104            0
NEXT: 6            +3      1716.627930  RETURN   /Library/Frameworks/Python.framework/Versions/3.13/lib/python3.13/threading.py  # 139 RLock                               329019392        12288
PREV: 10           +4      1716.627943  CALL     cPyCppContainers_3.13/lib/python3.13/site-packages/psutil/_psosx.py# 346 wrapper                             329019392            0
NEXT: 11           +5      1716.627947  CALL     cPyCppContainers_3.13/lib/python3.13/site-packages/psutil/_psosx.py# 475 create_time                         329023488         4096
PREV: 13           +2      1716.627955  CALL     cPyCppContainers_3.13/lib/python3.13/site-packages/psutil/_common.py# 498 wrapper                             329023488            0
NEXT: 14           +3      1716.627964  CALL     cPyCppContainers_3.13/lib/python3.13/site-packages/psutil/_psosx.py# 371 _get_kinfo_proc                     329031680         8192
NEXT: 15           +1      1716.627966  C_CALL   cPyCppContainers_3.13/lib/python3.13/site-packages/psutil/_psosx.py# 375 proc_kinfo_oneshot                  329035776         4096
PREV: 32           +17     1716.628015  CALL     cPyCppContainers_3.13/lib/python3.13/site-packages/psutil/__init__.py#1098 memory_info                         329035776            0
NEXT: 33           +18     1716.628018  CALL     cPyCppContainers_3.13/lib/python3.13/site-packages/psutil/_psosx.py# 346 wrapper                             329039872         4096
PREV: 56           +23     1716.628073  C_RETURN test_with_pymemtrace.py#  26 print                               329039872            0
NEXT: 57           +24     1716.917432  C_CALL   test_with_pymemtrace.py#  30 perf_counter                        285315072    -43724800
NEXT: 58           +1      1716.917447  C_RETURN test_with_pymemtrace.py#  30 perf_counter                        285319168         4096
PREV: 59           +1      1716.917450  C_CALL   test_with_pymemtrace.py#  31 new_list_vector_bool                285319168            0
NEXT: 60           +2      1717.103348  C_RETURN test_with_pymemtrace.py#  31 new_list_vector_bool                449708032    164388864
PREV: 64           +4      1717.124182  C_RETURN test_with_pymemtrace.py#  33 append                              449708032            0
NEXT: 65           +5      1717.548488  C_CALL   test_with_pymemtrace.py#  30 perf_counter                        244682752   -205025280
PREV: 67           +2      1717.548569  C_CALL   test_with_pymemtrace.py#  31 new_list_vector_bool                244682752            0
NEXT: 68           +3      1717.741151  C_RETURN test_with_pymemtrace.py#  31 new_list_vector_bool                409092096    164409344
PREV: 72           +4      1717.760265  C_RETURN test_with_pymemtrace.py#  33 append                              409092096            0
NEXT: 73           +5      1718.113394  C_CALL   test_with_pymemtrace.py#  30 perf_counter                        246337536   -162754560
PREV: 75           +2      1718.113407  C_CALL   test_with_pymemtrace.py#  31 new_list_vector_bool                246337536            0
NEXT: 76           +3      1718.296274  C_RETURN test_with_pymemtrace.py#  31 new_list_vector_bool                409415680    163078144
PREV: 80           +4      1718.317127  C_RETURN test_with_pymemtrace.py#  33 append                              409415680            0
NEXT: 81           +5      1718.696622  C_CALL   test_with_pymemtrace.py#  30 perf_counter                        246366208   -163049472
PREV: 83           +2      1718.696640  C_CALL   test_with_pymemtrace.py#  31 new_list_vector_bool                246366208            0
NEXT: 84           +3      1718.875947  C_RETURN test_with_pymemtrace.py#  31 new_list_vector_bool                410771456    164405248
PREV: 88           +4      1718.893556  C_RETURN test_with_pymemtrace.py#  33 append                              410771456            0
NEXT: 89           +5      1719.236588  C_CALL   test_with_pymemtrace.py#  30 perf_counter                        255225856   -155545600
PREV: 91           +2      1719.236600  C_CALL   test_with_pymemtrace.py#  31 new_list_vector_bool                255225856            0
NEXT: 92           +3      1719.428891  C_RETURN test_with_pymemtrace.py#  31 new_list_vector_bool                418304000    163078144
PREV: 96           +4      1719.449731  C_RETURN test_with_pymemtrace.py#  33 append                              418304000            0
NEXT: 97           +5      1719.810960  C_CALL   test_with_pymemtrace.py#  30 perf_counter                        261419008   -156884992
PREV: 99           +2      1719.810974  C_CALL   test_with_pymemtrace.py#  31 new_list_vector_bool                261419008            0
NEXT: 100          +3      1719.989511  C_RETURN test_with_pymemtrace.py#  31 new_list_vector_bool                424497152    163078144
PREV: 104          +4      1720.007111  C_RETURN test_with_pymemtrace.py#  33 append                              424497152            0
NEXT: 105          +5      1720.354351  C_CALL   test_with_pymemtrace.py#  30 perf_counter                        261419008   -163078144
PREV: 107          +2      1720.354364  C_CALL   test_with_pymemtrace.py#  31 new_list_vector_bool                261419008            0
NEXT: 108          +3      1720.553642  C_RETURN test_with_pymemtrace.py#  31 new_list_vector_bool                424497152    163078144
PREV: 112          +4      1720.573897  C_RETURN test_with_pymemtrace.py#  33 append                              424497152            0
NEXT: 113          +5      1720.929541  C_CALL   test_with_pymemtrace.py#  30 perf_counter                        261386240   -163110912
PREV: 115          +2      1720.929555  C_CALL   test_with_pymemtrace.py#  31 new_list_vector_bool                261386240            0
NEXT: 116          +3      1721.104517  C_RETURN test_with_pymemtrace.py#  31 new_list_vector_bool                424497152    163110912
PREV: 120          +4      1721.122110  C_RETURN test_with_pymemtrace.py#  33 append                              424497152            0
NEXT: 121          +5      1721.482221  C_CALL   test_with_pymemtrace.py#  30 perf_counter                        261419008   -163078144
PREV: 123          +2      1721.482234  C_CALL   test_with_pymemtrace.py#  31 new_list_vector_bool                261419008            0
NEXT: 124          +3      1721.678385  C_RETURN test_with_pymemtrace.py#  31 new_list_vector_bool                424497152    163078144
PREV: 128          +4      1721.697485  C_RETURN test_with_pymemtrace.py#  33 append                              424497152            0
NEXT: 129          +5      1722.054856  C_CALL   test_with_pymemtrace.py#  30 perf_counter                        261419008   -163078144
PREV: 131          +2      1722.054868  C_CALL   test_with_pymemtrace.py#  31 new_list_vector_bool                261419008            0
NEXT: 132          +3      1722.224840  C_RETURN test_with_pymemtrace.py#  31 new_list_vector_bool                424497152    163078144
PREV: 136          +4      1722.242420  C_RETURN test_with_pymemtrace.py#  33 append                              424497152            0
NEXT: 137          +5      1722.242431  C_CALL   test_with_pymemtrace.py#  37 min                                 424501248         4096
NEXT: 138          +1      1722.242442  C_RETURN test_with_pymemtrace.py#  37 min                                 424505344         4096
PREV: 173          +35     1722.242595  RETURN   test_with_pymemtrace.py#  39 _test_new_list_bool                 424505344            0
NEXT: 174          +36     1722.266638  C_CALL   test_with_pymemtrace.py#  46 __exit__                            340623360    -83881984
