      Event        dEvent  Clock        What     File                                                                            #line Function                                  RSS         dRSS
NEXT: 0            +0      1737.298705  CALL     /Users/paulross/CLionProjects/PythonCppHomogeneousContainers/tests/unit/test_with_pymemtrace.py#  64 _test_new_list_double              1388138496   1388138496
PREV: 56           +56     1737.298851  C_RETURN /Users/paulross/CLionProjects/PythonCppHomogeneousContainers/tests/unit/test_with_pymemtrace.py#  68 print                              1388138496            0
NEXT: 57           +57     1738.788016  C_CALL   /Users/paulross/CLionProjects/PythonCppHomogeneousContainers/tests/unit/test_with_pymemtrace.py#  72 perf_counter                       1598779392    210640896
PREV: 59           +2      1738.788033  C_CALL   /Users/paulross/CLionProjects/PythonCppHomogeneousContainers/tests/unit/test_with_pymemtrace.py#  73 new_list_vector_float              1598779392            0
NEXT: 60           +3      1739.259044  C_RETURN /Users/paulross/CLionProjects/PythonCppHomogeneousContainers/tests/unit/test_with_pymemtrace.py#  73 new_list_vector_float              2182610944    583831552
NEXT: 61           +1      1739.452206  C_CALL   /Users/paulross/CLionProjects/PythonCppHomogeneousContainers/tests/unit/test_with_pymemtrace.py#  74 perf_counter                       1846116352   -336494592
PREV: 64           +3      1739.452229  C_RETURN /Users/paulross/CLionProjects/PythonCppHomogeneousContainers/tests/unit/test_with_pymemtrace.py#  75 append                             1846116352            0
NEXT: 65           +4      1741.167313  C_CALL   /Users/paulross/CLionProjects/PythonCppHomogeneousContainers/tests/unit/test_with_pymemtrace.py#  72 perf_counter                       1730519040   -115597312
PREV: 67           +2      1741.167333  C_CALL   /Users/paulross/CLionProjects/PythonCppHomogeneousContainers/tests/unit/test_with_pymemtrace.py#  73 new_list_vector_float              1730519040            0
NEXT: 68           +3      1741.585799  C_RETURN /Users/paulross/CLionProjects/PythonCppHomogeneousContainers/tests/unit/test_with_pymemtrace.py#  73 new_list_vector_float              2182610944    452091904
NEXT: 69           +1      1741.770819  C_CALL   /Users/paulross/CLionProjects/PythonCppHomogeneousContainers/tests/unit/test_with_pymemtrace.py#  74 perf_counter                       1893597184   -289013760
PREV: 72           +3      1741.770842  C_RETURN /Users/paulross/CLionProjects/PythonCppHomogeneousContainers/tests/unit/test_with_pymemtrace.py#  75 append                             1893597184            0
NEXT: 73           +4      1743.494289  C_CALL   /Users/paulross/CLionProjects/PythonCppHomogeneousContainers/tests/unit/test_with_pymemtrace.py#  72 perf_counter                       1685069824   -208527360
PREV: 75           +2      1743.494306  C_CALL   /Users/paulross/CLionProjects/PythonCppHomogeneousContainers/tests/unit/test_with_pymemtrace.py#  73 new_list_vector_float              1685069824            0
NEXT: 76           +3      1743.915492  C_RETURN /Users/paulross/CLionProjects/PythonCppHomogeneousContainers/tests/unit/test_with_pymemtrace.py#  73 new_list_vector_float              2182578176    497508352
NEXT: 77           +1      1744.115297  C_CALL   /Users/paulross/CLionProjects/PythonCppHomogeneousContainers/tests/unit/test_with_pymemtrace.py#  74 perf_counter                       1848147968   -334430208
PREV: 80           +3      1744.115318  C_RETURN /Users/paulross/CLionProjects/PythonCppHomogeneousContainers/tests/unit/test_with_pymemtrace.py#  75 append                             1848147968            0
NEXT: 81           +4      1745.844286  C_CALL   /Users/paulross/CLionProjects/PythonCppHomogeneousContainers/tests/unit/test_with_pymemtrace.py#  72 perf_counter                       1732550656   -115597312
PREV: 83           +2      1745.844303  C_CALL   /Users/paulross/CLionProjects/PythonCppHomogeneousContainers/tests/unit/test_with_pymemtrace.py#  73 new_list_vector_float              1732550656            0
NEXT: 84           +3      1746.494708  C_RETURN /Users/paulross/CLionProjects/PythonCppHomogeneousContainers/tests/unit/test_with_pymemtrace.py#  73 new_list_vector_float              2182578176    450027520
NEXT: 85           +1      1746.902919  C_CALL   /Users/paulross/CLionProjects/PythonCppHomogeneousContainers/tests/unit/test_with_pymemtrace.py#  74 perf_counter                       1895628800   -286949376
PREV: 88           +3      1746.902974  C_RETURN /Users/paulross/CLionProjects/PythonCppHomogeneousContainers/tests/unit/test_with_pymemtrace.py#  75 append                             1895628800            0
NEXT: 89           +4      1749.099196  C_CALL   /Users/paulross/CLionProjects/PythonCppHomogeneousContainers/tests/unit/test_with_pymemtrace.py#  72 perf_counter                       1687166976   -208461824
PREV: 91           +2      1749.099215  C_CALL   /Users/paulross/CLionProjects/PythonCppHomogeneousContainers/tests/unit/test_with_pymemtrace.py#  73 new_list_vector_float              1687166976            0
NEXT: 92           +3      1749.566072  C_RETURN /Users/paulross/CLionProjects/PythonCppHomogeneousContainers/tests/unit/test_with_pymemtrace.py#  73 new_list_vector_float              2182610944    495443968
NEXT: 93           +1      1749.753007  C_CALL   /Users/paulross/CLionProjects/PythonCppHomogeneousContainers/tests/unit/test_with_pymemtrace.py#  74 perf_counter                       1850245120   -332365824
PREV: 96           +3      1749.753028  C_RETURN /Users/paulross/CLionProjects/PythonCppHomogeneousContainers/tests/unit/test_with_pymemtrace.py#  75 append                             1850245120            0
NEXT: 97           +4      1751.489441  C_CALL   /Users/paulross/CLionProjects/PythonCppHomogeneousContainers/tests/unit/test_with_pymemtrace.py#  72 perf_counter                       1734647808   -115597312
PREV: 99           +2      1751.489460  C_CALL   /Users/paulross/CLionProjects/PythonCppHomogeneousContainers/tests/unit/test_with_pymemtrace.py#  73 new_list_vector_float              1734647808            0
NEXT: 100          +3      1751.904304  C_RETURN /Users/paulross/CLionProjects/PythonCppHomogeneousContainers/tests/unit/test_with_pymemtrace.py#  73 new_list_vector_float              2182610944    447963136
NEXT: 101          +1      1752.088364  C_CALL   /Users/paulross/CLionProjects/PythonCppHomogeneousContainers/tests/unit/test_with_pymemtrace.py#  74 perf_counter                       1897725952   -284884992
PREV: 104          +3      1752.088385  C_RETURN /Users/paulross/CLionProjects/PythonCppHomogeneousContainers/tests/unit/test_with_pymemtrace.py#  75 append                             1897725952            0
NEXT: 105          +4      1753.819045  C_CALL   /Users/paulross/CLionProjects/PythonCppHomogeneousContainers/tests/unit/test_with_pymemtrace.py#  72 perf_counter                       1689231360   -208494592
PREV: 107          +2      1753.819064  C_CALL   /Users/paulross/CLionProjects/PythonCppHomogeneousContainers/tests/unit/test_with_pymemtrace.py#  73 new_list_vector_float              1689231360            0
NEXT: 108          +3      1754.244600  C_RETURN /Users/paulross/CLionProjects/PythonCppHomogeneousContainers/tests/unit/test_with_pymemtrace.py#  73 new_list_vector_float              2182610944    493379584
NEXT: 109          +1      1754.457636  C_CALL   /Users/paulross/CLionProjects/PythonCppHomogeneousContainers/tests/unit/test_with_pymemtrace.py#  74 perf_counter                       1852309504   -330301440
PREV: 112          +3      1754.457664  C_RETURN /Users/paulross/CLionProjects/PythonCppHomogeneousContainers/tests/unit/test_with_pymemtrace.py#  75 append                             1852309504            0
NEXT: 113          +4      1756.161764  C_CALL   /Users/paulross/CLionProjects/PythonCppHomogeneousContainers/tests/unit/test_with_pymemtrace.py#  72 perf_counter                       1736712192   -115597312
PREV: 115          +2      1756.161778  C_CALL   /Users/paulross/CLionProjects/PythonCppHomogeneousContainers/tests/unit/test_with_pymemtrace.py#  73 new_list_vector_float              1736712192            0
NEXT: 116          +3      1756.610769  C_RETURN /Users/paulross/CLionProjects/PythonCppHomogeneousContainers/tests/unit/test_with_pymemtrace.py#  73 new_list_vector_float              2182610944    445898752
NEXT: 117          +1      1756.797312  C_CALL   /Users/paulross/CLionProjects/PythonCppHomogeneousContainers/tests/unit/test_with_pymemtrace.py#  74 perf_counter                       1899790336   -282820608
PREV: 120          +3      1756.797333  C_RETURN /Users/paulross/CLionProjects/PythonCppHomogeneousContainers/tests/unit/test_with_pymemtrace.py#  75 append                             1899790336            0
NEXT: 121          +4      1758.501256  C_CALL   /Users/paulross/CLionProjects/PythonCppHomogeneousContainers/tests/unit/test_with_pymemtrace.py#  72 perf_counter                       1691295744   -208494592
PREV: 123          +2      1758.501273  C_CALL   /Users/paulross/CLionProjects/PythonCppHomogeneousContainers/tests/unit/test_with_pymemtrace.py#  73 new_list_vector_float              1691295744            0
NEXT: 124          +3      1758.942552  C_RETURN /Users/paulross/CLionProjects/PythonCppHomogeneousContainers/tests/unit/test_with_pymemtrace.py#  73 new_list_vector_float              2182610944    491315200
NEXT: 125          +1      1759.131268  C_CALL   /Users/paulross/CLionProjects/PythonCppHomogeneousContainers/tests/unit/test_with_pymemtrace.py#  74 perf_counter                       1854373888   -328237056
PREV: 128          +3      1759.131287  C_RETURN /Users/paulross/CLionProjects/PythonCppHomogeneousContainers/tests/unit/test_with_pymemtrace.py#  75 append                             1854373888            0
NEXT: 129          +4      1760.860773  C_CALL   /Users/paulross/CLionProjects/PythonCppHomogeneousContainers/tests/unit/test_with_pymemtrace.py#  72 perf_counter                       1738776576   -115597312
PREV: 131          +2      1760.860790  C_CALL   /Users/paulross/CLionProjects/PythonCppHomogeneousContainers/tests/unit/test_with_pymemtrace.py#  73 new_list_vector_float              1738776576            0
NEXT: 132          +3      1761.289813  C_RETURN /Users/paulross/CLionProjects/PythonCppHomogeneousContainers/tests/unit/test_with_pymemtrace.py#  73 new_list_vector_float              2182610944    443834368
NEXT: 133          +1      1761.493800  C_CALL   /Users/paulross/CLionProjects/PythonCppHomogeneousContainers/tests/unit/test_with_pymemtrace.py#  74 perf_counter                       1901854720   -280756224
PREV: 173          +40     1761.494011  RETURN   /Users/paulross/CLionProjects/PythonCppHomogeneousContainers/tests/unit/test_with_pymemtrace.py#  81 _test_new_list_double              1901854720            0
NEXT: 174          +41     1761.701760  C_CALL   /Users/paulross/CLionProjects/PythonCppHomogeneousContainers/tests/unit/test_with_pymemtrace.py#  88 __exit__                           1471152128   -430702592
