      Event        dEvent  Clock        What     File                                                                            #line Function                                  RSS         dRSS
NEXT: 0            +0      1793.597436  CALL     /Users/paulross/CLionProjects/PythonCppHomogeneousContainers/tests/unit/test_with_pymemtrace.py# 106 _test_new_list_vector_bytes        1402380288   1402380288
PREV: 56           +56     1793.597620  C_RETURN /Users/paulross/CLionProjects/PythonCppHomogeneousContainers/tests/unit/test_with_pymemtrace.py# 113 print                              1402380288            0
NEXT: 57           +57     1793.698935  C_CALL   /Users/paulross/CLionProjects/PythonCppHomogeneousContainers/tests/unit/test_with_pymemtrace.py# 118 perf_counter                       1403260928       880640
PREV: 59           +2      1793.698954  C_CALL   /Users/paulross/CLionProjects/PythonCppHomogeneousContainers/tests/unit/test_with_pymemtrace.py# 119 new_list_vector_bytes              1403260928            0
NEXT: 60           +3      1794.710492  C_RETURN /Users/paulross/CLionProjects/PythonCppHomogeneousContainers/tests/unit/test_with_pymemtrace.py# 119 new_list_vector_bytes              3610202112   2206941184
NEXT: 61           +1      1794.980369  C_CALL   /Users/paulross/CLionProjects/PythonCppHomogeneousContainers/tests/unit/test_with_pymemtrace.py# 120 perf_counter                       1462722560  -2147479552
PREV: 64           +3      1794.980388  C_RETURN /Users/paulross/CLionProjects/PythonCppHomogeneousContainers/tests/unit/test_with_pymemtrace.py# 121 append                             1462722560            0
NEXT: 65           +4      1795.060613  C_CALL   /Users/paulross/CLionProjects/PythonCppHomogeneousContainers/tests/unit/test_with_pymemtrace.py# 118 perf_counter                       1447677952    -15044608
PREV: 67           +2      1795.060623  C_CALL   /Users/paulross/CLionProjects/PythonCppHomogeneousContainers/tests/unit/test_with_pymemtrace.py# 119 new_list_vector_bytes              1447677952            0
NEXT: 68           +3      1795.964991  C_RETURN /Users/paulross/CLionProjects/PythonCppHomogeneousContainers/tests/unit/test_with_pymemtrace.py# 119 new_list_vector_bytes              3600748544   2153070592
NEXT: 69           +1      1796.231768  C_CALL   /Users/paulross/CLionProjects/PythonCppHomogeneousContainers/tests/unit/test_with_pymemtrace.py# 120 perf_counter                       1461657600  -2139090944
PREV: 72           +3      1796.231786  C_RETURN /Users/paulross/CLionProjects/PythonCppHomogeneousContainers/tests/unit/test_with_pymemtrace.py# 121 append                             1461657600            0
NEXT: 73           +4      1796.314195  C_CALL   /Users/paulross/CLionProjects/PythonCppHomogeneousContainers/tests/unit/test_with_pymemtrace.py# 118 perf_counter                       1445761024    -15896576
PREV: 75           +2      1796.314207  C_CALL   /Users/paulross/CLionProjects/PythonCppHomogeneousContainers/tests/unit/test_with_pymemtrace.py# 119 new_list_vector_bytes              1445761024            0
NEXT: 76           +3      1797.241278  C_RETURN /Users/paulross/CLionProjects/PythonCppHomogeneousContainers/tests/unit/test_with_pymemtrace.py# 119 new_list_vector_bytes              3620642816   2174881792
NEXT: 77           +1      1797.513529  C_CALL   /Users/paulross/CLionProjects/PythonCppHomogeneousContainers/tests/unit/test_with_pymemtrace.py# 120 perf_counter                       1473163264  -2147479552
PREV: 80           +3      1797.513548  C_RETURN /Users/paulross/CLionProjects/PythonCppHomogeneousContainers/tests/unit/test_with_pymemtrace.py# 121 append                             1473163264            0
NEXT: 81           +4      1797.606425  C_CALL   /Users/paulross/CLionProjects/PythonCppHomogeneousContainers/tests/unit/test_with_pymemtrace.py# 118 perf_counter                       1457266688    -15896576
PREV: 83           +2      1797.606439  C_CALL   /Users/paulross/CLionProjects/PythonCppHomogeneousContainers/tests/unit/test_with_pymemtrace.py# 119 new_list_vector_bytes              1457266688            0
NEXT: 84           +3      1798.533064  C_RETURN /Users/paulross/CLionProjects/PythonCppHomogeneousContainers/tests/unit/test_with_pymemtrace.py# 119 new_list_vector_bytes              3319427072   1862160384
NEXT: 85           +1      1798.822983  C_CALL   /Users/paulross/CLionProjects/PythonCppHomogeneousContainers/tests/unit/test_with_pymemtrace.py# 120 perf_counter                       1499107328  -1820319744
PREV: 88           +3      1798.823006  C_RETURN /Users/paulross/CLionProjects/PythonCppHomogeneousContainers/tests/unit/test_with_pymemtrace.py# 121 append                             1499107328            0
NEXT: 89           +4      1798.909227  C_CALL   /Users/paulross/CLionProjects/PythonCppHomogeneousContainers/tests/unit/test_with_pymemtrace.py# 118 perf_counter                       1483210752    -15896576
PREV: 91           +2      1798.909238  C_CALL   /Users/paulross/CLionProjects/PythonCppHomogeneousContainers/tests/unit/test_with_pymemtrace.py# 119 new_list_vector_bytes              1483210752            0
NEXT: 92           +3      1799.842091  C_RETURN /Users/paulross/CLionProjects/PythonCppHomogeneousContainers/tests/unit/test_with_pymemtrace.py# 119 new_list_vector_bytes              3561537536   2078326784
NEXT: 93           +1      1800.128388  C_CALL   /Users/paulross/CLionProjects/PythonCppHomogeneousContainers/tests/unit/test_with_pymemtrace.py# 120 perf_counter                       1506340864  -2055196672
PREV: 96           +3      1800.128410  C_RETURN /Users/paulross/CLionProjects/PythonCppHomogeneousContainers/tests/unit/test_with_pymemtrace.py# 121 append                             1506340864            0
NEXT: 97           +4      1800.208945  C_CALL   /Users/paulross/CLionProjects/PythonCppHomogeneousContainers/tests/unit/test_with_pymemtrace.py# 118 perf_counter                       1490444288    -15896576
PREV: 99           +2      1800.208957  C_CALL   /Users/paulross/CLionProjects/PythonCppHomogeneousContainers/tests/unit/test_with_pymemtrace.py# 119 new_list_vector_bytes              1490444288            0
NEXT: 100          +3      1801.144837  C_RETURN /Users/paulross/CLionProjects/PythonCppHomogeneousContainers/tests/unit/test_with_pymemtrace.py# 119 new_list_vector_bytes              3334848512   1844404224
NEXT: 101          +1      1801.426215  C_CALL   /Users/paulross/CLionProjects/PythonCppHomogeneousContainers/tests/unit/test_with_pymemtrace.py# 120 perf_counter                       1514528768  -1820319744
PREV: 104          +3      1801.426237  C_RETURN /Users/paulross/CLionProjects/PythonCppHomogeneousContainers/tests/unit/test_with_pymemtrace.py# 121 append                             1514528768            0
NEXT: 105          +4      1801.505856  C_CALL   /Users/paulross/CLionProjects/PythonCppHomogeneousContainers/tests/unit/test_with_pymemtrace.py# 118 perf_counter                       1498632192    -15896576
PREV: 107          +2      1801.505868  C_CALL   /Users/paulross/CLionProjects/PythonCppHomogeneousContainers/tests/unit/test_with_pymemtrace.py# 119 new_list_vector_bytes              1498632192            0
NEXT: 108          +3      1802.438840  C_RETURN /Users/paulross/CLionProjects/PythonCppHomogeneousContainers/tests/unit/test_with_pymemtrace.py# 119 new_list_vector_bytes              3401961472   1903329280
NEXT: 109          +1      1802.721393  C_CALL   /Users/paulross/CLionProjects/PythonCppHomogeneousContainers/tests/unit/test_with_pymemtrace.py# 120 perf_counter                       1514528768  -1887432704
PREV: 112          +3      1802.721414  C_RETURN /Users/paulross/CLionProjects/PythonCppHomogeneousContainers/tests/unit/test_with_pymemtrace.py# 121 append                             1514528768            0
NEXT: 113          +4      1802.810259  C_CALL   /Users/paulross/CLionProjects/PythonCppHomogeneousContainers/tests/unit/test_with_pymemtrace.py# 118 perf_counter                       1506136064     -8392704
PREV: 115          +2      1802.810273  C_CALL   /Users/paulross/CLionProjects/PythonCppHomogeneousContainers/tests/unit/test_with_pymemtrace.py# 119 new_list_vector_bytes              1506136064            0
NEXT: 116          +3      1803.756222  C_RETURN /Users/paulross/CLionProjects/PythonCppHomogeneousContainers/tests/unit/test_with_pymemtrace.py# 119 new_list_vector_bytes              3593465856   2087329792
NEXT: 117          +1      1804.083036  C_CALL   /Users/paulross/CLionProjects/PythonCppHomogeneousContainers/tests/unit/test_with_pymemtrace.py# 120 perf_counter                       1529884672  -2063581184
PREV: 120          +3      1804.083062  C_RETURN /Users/paulross/CLionProjects/PythonCppHomogeneousContainers/tests/unit/test_with_pymemtrace.py# 121 append                             1529884672            0
NEXT: 121          +4      1804.167624  C_CALL   /Users/paulross/CLionProjects/PythonCppHomogeneousContainers/tests/unit/test_with_pymemtrace.py# 118 perf_counter                       1513988096    -15896576
PREV: 123          +2      1804.167635  C_CALL   /Users/paulross/CLionProjects/PythonCppHomogeneousContainers/tests/unit/test_with_pymemtrace.py# 119 new_list_vector_bytes              1513988096            0
NEXT: 124          +3      1805.090922  C_RETURN /Users/paulross/CLionProjects/PythonCppHomogeneousContainers/tests/unit/test_with_pymemtrace.py# 119 new_list_vector_bytes              3685740544   2171752448
NEXT: 125          +1      1805.411139  C_CALL   /Users/paulross/CLionProjects/PythonCppHomogeneousContainers/tests/unit/test_with_pymemtrace.py# 120 perf_counter                       1538260992  -2147479552
PREV: 128          +3      1805.411158  C_RETURN /Users/paulross/CLionProjects/PythonCppHomogeneousContainers/tests/unit/test_with_pymemtrace.py# 121 append                             1538260992            0
NEXT: 129          +4      1805.492491  C_CALL   /Users/paulross/CLionProjects/PythonCppHomogeneousContainers/tests/unit/test_with_pymemtrace.py# 118 perf_counter                       1522364416    -15896576
PREV: 131          +2      1805.492501  C_CALL   /Users/paulross/CLionProjects/PythonCppHomogeneousContainers/tests/unit/test_with_pymemtrace.py# 119 new_list_vector_bytes              1522364416            0
NEXT: 132          +3      1806.777312  C_RETURN /Users/paulross/CLionProjects/PythonCppHomogeneousContainers/tests/unit/test_with_pymemtrace.py# 119 new_list_vector_bytes              3291463680   1769099264
NEXT: 133          +1      1807.303663  C_CALL   /Users/paulross/CLionProjects/PythonCppHomogeneousContainers/tests/unit/test_with_pymemtrace.py# 120 perf_counter                       1580216320  -1711247360
PREV: 173          +40     1807.303966  RETURN   /Users/paulross/CLionProjects/PythonCppHomogeneousContainers/tests/unit/test_with_pymemtrace.py# 127 _test_new_list_vector_bytes        1580216320            0
NEXT: 174          +41     1807.310267  C_CALL   /Users/paulross/CLionProjects/PythonCppHomogeneousContainers/tests/unit/test_with_pymemtrace.py# 134 __exit__                           1571827712     -8388608
