      Event        dEvent  Clock        What     File                                                                            #line Function                                  RSS         dRSS
NEXT: 0            +0      1865.733077  CALL     tests/unit/test_with_pymemtrace.py# 240 _test_new_dict_map_str              374972416    374972416
PREV: 18546        +18546  1865.764433  C_RETURN tests/unit/test_with_pymemtrace.py# 256 decode                              374988800            0
NEXT: 18547        +18547  1865.764736  CALL     /Library/Frameworks/Python.framework/Versions/3.12/lib/python3.12/random.py     # 332 randint                             366600192     -8388608
PREV: 22288        +3741   1865.773063  C_RETURN tests/unit/test_with_pymemtrace.py# 256 decode                              366600192            0
NEXT: 22289        +3742   1865.773359  CALL     /Library/Frameworks/Python.framework/Versions/3.12/lib/python3.12/random.py     # 332 randint                             358211584     -8388608
PREV: 892166       +869877 1867.697156  C_RETURN tests/unit/test_with_pymemtrace.py# 256 decode                              392462336            0
NEXT: 892167       +869878 1867.698965  CALL     /Library/Frameworks/Python.framework/Versions/3.12/lib/python3.12/random.py     # 332 randint                             394387456      1925120
PREV: 1766334      +874167 1869.655766  C_RETURN tests/unit/test_with_pymemtrace.py# 256 decode                              523886592            0
NEXT: 1766335      +874168 1869.660594  CALL     /Library/Frameworks/Python.framework/Versions/3.12/lib/python3.12/random.py     # 332 randint                             527605760      3719168
PREV: 3514018      +1747683 1873.584182  C_RETURN tests/unit/test_with_pymemtrace.py# 256 decode                              784736256            0
NEXT: 3514019      +1747684 1873.591174  CALL     /Library/Frameworks/Python.framework/Versions/3.12/lib/python3.12/random.py     # 332 randint                             789299200      4562944
PREV: 7009990      +3495971 1881.666099  C_RETURN tests/unit/test_with_pymemtrace.py# 256 decode                             1328181248            0
NEXT: 7009991      +3495972 1881.687215  CALL     /Library/Frameworks/Python.framework/Versions/3.12/lib/python3.12/random.py     # 332 randint                            1333059584      4878336
PREV: 10504815     +3494824 1889.534209  C_CALL   tests/unit/test_with_pymemtrace.py# 264 new_dict_from_std_map_str_str      1872142336            0
NEXT: 10504816     +3494825 1891.988328  C_RETURN tests/unit/test_with_pymemtrace.py# 264 new_dict_from_std_map_str_str      3489144832   1617002496
NEXT: 10504817     +1      1892.261608  C_CALL   tests/unit/test_with_pymemtrace.py# 265 perf_counter                       1799671808  -1689473024
PREV: 10504820     +3      1892.261649  C_RETURN tests/unit/test_with_pymemtrace.py# 266 append                             1799708672            0
NEXT: 10504821     +4      1892.573513  C_CALL   tests/unit/test_with_pymemtrace.py# 256 decode                              255643648  -1544065024
PREV: 10504822     +1      1892.573524  C_RETURN tests/unit/test_with_pymemtrace.py# 256 decode                              255643648            0
NEXT: 10504823     +2      1892.574116  CALL     /Library/Frameworks/Python.framework/Versions/3.12/lib/python3.12/random.py     # 332 randint                             238927872    -16715776
PREV: 10513188     +8365   1892.593678  C_RETURN tests/unit/test_with_pymemtrace.py# 256 decode                              239083520            0
NEXT: 10513189     +8366   1892.593977  CALL     /Library/Frameworks/Python.framework/Versions/3.12/lib/python3.12/random.py     # 332 randint                             230694912     -8388608
PREV: 10531938     +18749  1892.635202  C_RETURN tests/unit/test_with_pymemtrace.py# 256 decode                              230699008            0
NEXT: 10531939     +18750  1892.635243  CALL     /Library/Frameworks/Python.framework/Versions/3.12/lib/python3.12/random.py     # 332 randint                             230772736        73728
PREV: 10559362     +27423  1892.695614  C_RETURN tests/unit/test_with_pymemtrace.py# 256 decode                              231841792         4096
NEXT: 10559363     +27424  1892.695667  CALL     /Library/Frameworks/Python.framework/Versions/3.12/lib/python3.12/random.py     # 332 randint                             231952384       110592
PREV: 10613846     +54483  1892.817056  C_RETURN tests/unit/test_with_pymemtrace.py# 256 decode                              233222144            0
NEXT: 10613847     +54484  1892.817210  CALL     /Library/Frameworks/Python.framework/Versions/3.12/lib/python3.12/random.py     # 332 randint                             233431040       208896
PREV: 10614824     +977    1892.819586  C_RETURN tests/unit/test_with_pymemtrace.py# 256 decode                              233431040            0
NEXT: 10614825     +978    1892.820042  CALL     /Library/Frameworks/Python.framework/Versions/3.12/lib/python3.12/random.py     # 332 randint                             225042432     -8388608
PREV: 10723270     +108445 1893.078890  C_RETURN tests/unit/test_with_pymemtrace.py# 256 decode                              227889152            0
NEXT: 10723271     +108446 1893.079157  CALL     /Library/Frameworks/Python.framework/Versions/3.12/lib/python3.12/random.py     # 332 randint                             228306944       417792
PREV: 10942040     +218769 1893.565408  C_RETURN tests/unit/test_with_pymemtrace.py# 256 decode                              230678528            0
NEXT: 10942041     +218770 1893.565955  CALL     /Library/Frameworks/Python.framework/Versions/3.12/lib/python3.12/random.py     # 332 randint                             231301120       622592
PREV: 11378586     +436545 1894.562334  C_RETURN tests/unit/test_with_pymemtrace.py# 256 decode                              239632384            0
NEXT: 11378587     +436546 1894.563664  CALL     /Library/Frameworks/Python.framework/Versions/3.12/lib/python3.12/random.py     # 332 randint                             241582080      1949696
PREV: 12252028     +873441 1896.520561  C_RETURN tests/unit/test_with_pymemtrace.py# 256 decode                              372105216            0
NEXT: 12252029     +873442 1896.522992  CALL     /Library/Frameworks/Python.framework/Versions/3.12/lib/python3.12/random.py     # 332 randint                             375955456      3850240
PREV: 13999560     +1747531 1900.441788  C_RETURN tests/unit/test_with_pymemtrace.py# 256 decode                              641953792            0
NEXT: 13999561     +1747532 1900.446057  CALL     /Library/Frameworks/Python.framework/Versions/3.12/lib/python3.12/random.py     # 332 randint                             646926336      4972544
PREV: 17495268     +3495707 1908.298447  C_RETURN tests/unit/test_with_pymemtrace.py# 256 decode                             1185931264            0
NEXT: 17495269     +3495708 1908.311086  CALL     /Library/Frameworks/Python.framework/Versions/3.12/lib/python3.12/random.py     # 332 randint                            1190121472      4190208
PREV: 20989911     +3494642 1916.153725  C_CALL   tests/unit/test_with_pymemtrace.py# 264 new_dict_from_std_map_str_str      1729220608        16384
NEXT: 20989912     +3494643 1918.408780  C_RETURN tests/unit/test_with_pymemtrace.py# 264 new_dict_from_std_map_str_str      3113369600   1384148992
NEXT: 20989913     +1      1918.619045  C_CALL   tests/unit/test_with_pymemtrace.py# 265 perf_counter                       1240907776  -1872461824
PREV: 20989916     +3      1918.619070  C_RETURN tests/unit/test_with_pymemtrace.py# 266 append                             1240907776            0
NEXT: 20989917     +4      1919.062279  C_CALL   tests/unit/test_with_pymemtrace.py# 256 decode                              292151296   -948756480
PREV: 20989918     +1      1919.062288  C_RETURN tests/unit/test_with_pymemtrace.py# 256 decode                              292151296            0
NEXT: 20989919     +2      1919.062713  CALL     /Library/Frameworks/Python.framework/Versions/3.12/lib/python3.12/random.py     # 332 randint                             275374080    -16777216
PREV: 21863658     +873739 1920.992680  C_RETURN tests/unit/test_with_pymemtrace.py# 256 decode                              298283008            0
NEXT: 21863659     +873740 1920.993842  CALL     /Library/Frameworks/Python.framework/Versions/3.12/lib/python3.12/random.py     # 332 randint                             300208128      1925120
PREV: 24484760     +2621101 1926.862713  C_RETURN tests/unit/test_with_pymemtrace.py# 256 decode                              695443456            0
NEXT: 24484761     +2621102 1926.866675  CALL     /Library/Frameworks/Python.framework/Versions/3.12/lib/python3.12/random.py     # 332 randint                             697344000      1900544
PREV: 31472541     +6987780 1942.531810  C_CALL   tests/unit/test_with_pymemtrace.py# 264 new_dict_from_std_map_str_str      1770340352            0
NEXT: 31472542     +6987781 1944.669952  C_RETURN tests/unit/test_with_pymemtrace.py# 264 new_dict_from_std_map_str_str      3494395904   1724055552
NEXT: 31472543     +1      1944.884123  C_CALL   tests/unit/test_with_pymemtrace.py# 265 perf_counter                       1840787456  -1653608448
PREV: 31472546     +3      1944.884161  C_RETURN tests/unit/test_with_pymemtrace.py# 266 append                             1840820224            0
NEXT: 31472547     +4      1945.268086  C_CALL   tests/unit/test_with_pymemtrace.py# 256 decode                              347930624  -1492889600
PREV: 31472548     +1      1945.268098  C_RETURN tests/unit/test_with_pymemtrace.py# 256 decode                              347930624            0
NEXT: 31472549     +2      1945.268244  CALL     /Library/Frameworks/Python.framework/Versions/3.12/lib/python3.12/random.py     # 332 randint                             340590592     -7340032
PREV: 31909194     +436645 1946.231264  C_RETURN tests/unit/test_with_pymemtrace.py# 256 decode                              348827648            0
NEXT: 31909195     +436646 1946.231841  CALL     /Library/Frameworks/Python.framework/Versions/3.12/lib/python3.12/random.py     # 332 randint                             349790208       962560
PREV: 33218992     +1309797 1949.139567  C_RETURN tests/unit/test_with_pymemtrace.py# 256 decode                              473702400            0
NEXT: 33218993     +1309798 1949.141211  CALL     /Library/Frameworks/Python.framework/Versions/3.12/lib/python3.12/random.py     # 332 randint                             474619904       917504
PREV: 41956533     +8737540 1968.750034  C_CALL   tests/unit/test_with_pymemtrace.py# 264 new_dict_from_std_map_str_str      1816059904            0
NEXT: 41956534     +8737541 1970.876654  C_RETURN tests/unit/test_with_pymemtrace.py# 264 new_dict_from_std_map_str_str      3501522944   1685463040
NEXT: 41956535     +1      1971.103343  C_CALL   tests/unit/test_with_pymemtrace.py# 265 perf_counter                       2168791040  -1332731904
PREV: 41956538     +3      1971.103363  C_RETURN tests/unit/test_with_pymemtrace.py# 266 append                             2168791040            0
NEXT: 41956539     +4      1971.378626  C_CALL   tests/unit/test_with_pymemtrace.py# 256 decode                              362594304  -1806196736
PREV: 41956540     +1      1971.378635  C_RETURN tests/unit/test_with_pymemtrace.py# 256 decode                              362594304            0
NEXT: 41956541     +2      1971.378900  CALL     /Library/Frameworks/Python.framework/Versions/3.12/lib/python3.12/random.py     # 332 randint                             345817088    -16777216
PREV: 42011274     +54733  1971.499641  C_RETURN tests/unit/test_with_pymemtrace.py# 256 decode                              349159424            0
NEXT: 42011275     +54734  1971.499698  CALL     /Library/Frameworks/Python.framework/Versions/3.12/lib/python3.12/random.py     # 332 randint                             349270016       110592
PREV: 42100342     +89067  1971.698043  C_RETURN tests/unit/test_with_pymemtrace.py# 256 decode                              349274112            0
NEXT: 42100343     +89068  1971.698464  CALL     /Library/Frameworks/Python.framework/Versions/3.12/lib/python3.12/random.py     # 332 randint                             340885504     -8388608
PREV: 42831290     +730947 1973.313275  C_RETURN tests/unit/test_with_pymemtrace.py# 256 decode                              360538112            0
NEXT: 42831291     +730948 1973.314103  CALL     /Library/Frameworks/Python.framework/Versions/3.12/lib/python3.12/random.py     # 332 randint                             360624128        86016
PREV: 52442857     +9611566 1994.843169  C_CALL   tests/unit/test_with_pymemtrace.py# 264 new_dict_from_std_map_str_str      1830068224            0
NEXT: 52442858     +9611567 1996.965009  C_RETURN tests/unit/test_with_pymemtrace.py# 264 new_dict_from_std_map_str_str      3306242048   1476173824
NEXT: 52442859     +1      1997.250236  C_CALL   tests/unit/test_with_pymemtrace.py# 265 perf_counter                       1913057280  -1393184768
PREV: 52442862     +3      1997.250297  C_RETURN tests/unit/test_with_pymemtrace.py# 266 append                             1913061376         4096
NEXT: 52442863     +4      1997.571879  C_CALL   tests/unit/test_with_pymemtrace.py# 256 decode                              348151808  -1564909568
PREV: 52442864     +1      1997.571892  C_RETURN tests/unit/test_with_pymemtrace.py# 256 decode                              348151808            0
NEXT: 52442865     +2      1997.572260  CALL     /Library/Frameworks/Python.framework/Versions/3.12/lib/python3.12/random.py     # 332 randint                             333336576    -14815232
PREV: 52497664     +54799  1997.692533  C_RETURN tests/unit/test_with_pymemtrace.py# 256 decode                              335310848            0
NEXT: 52497665     +54800  1997.692581  CALL     /Library/Frameworks/Python.framework/Versions/3.12/lib/python3.12/random.py     # 332 randint                             335417344       106496
PREV: 52880060     +382395 1998.533715  C_RETURN tests/unit/test_with_pymemtrace.py# 256 decode                              335421440            0
NEXT: 52880061     +382396 1998.534211  CALL     /Library/Frameworks/Python.framework/Versions/3.12/lib/python3.12/random.py     # 332 randint                             336121856       700416
PREV: 62929819     +10049758 2021.043524  C_CALL   tests/unit/test_with_pymemtrace.py# 264 new_dict_from_std_map_str_str      1819365376            0
NEXT: 62929820     +10049759 2023.070951  C_RETURN tests/unit/test_with_pymemtrace.py# 264 new_dict_from_std_map_str_str      3666300928   1846935552
NEXT: 62929821     +1      2023.294549  C_CALL   tests/unit/test_with_pymemtrace.py# 265 perf_counter                       2028396544  -1637904384
PREV: 62929824     +3      2023.294573  C_RETURN tests/unit/test_with_pymemtrace.py# 266 append                             2028396544            0
NEXT: 62929825     +4      2023.571078  C_CALL   tests/unit/test_with_pymemtrace.py# 256 decode                              289054720  -1739341824
PREV: 62929826     +1      2023.571088  C_RETURN tests/unit/test_with_pymemtrace.py# 256 decode                              289054720            0
NEXT: 62929827     +2      2023.571486  CALL     /Library/Frameworks/Python.framework/Versions/3.12/lib/python3.12/random.py     # 332 randint                             273653760    -15400960
PREV: 63132696     +202869 2024.018256  C_RETURN tests/unit/test_with_pymemtrace.py# 256 decode                              275202048            0
NEXT: 63132697     +202870 2024.018691  CALL     /Library/Frameworks/Python.framework/Versions/3.12/lib/python3.12/random.py     # 332 randint                             266813440     -8388608
PREV: 63803830     +671133 2025.500660  C_RETURN tests/unit/test_with_pymemtrace.py# 256 decode                              299208704         4096
NEXT: 63803831     +671134 2025.501809  CALL     /Library/Frameworks/Python.framework/Versions/3.12/lib/python3.12/random.py     # 332 randint                             301133824      1925120
PREV: 64677792     +873961 2027.451758  C_RETURN tests/unit/test_with_pymemtrace.py# 256 decode                              424783872            0
NEXT: 64677793     +873962 2027.454209  CALL     /Library/Frameworks/Python.framework/Versions/3.12/lib/python3.12/random.py     # 332 randint                             428630016      3846144
PREV: 73416807     +8739014 2047.056819  C_CALL   tests/unit/test_with_pymemtrace.py# 264 new_dict_from_std_map_str_str      1776136192            0
NEXT: 73416808     +8739015 2049.276803  C_RETURN tests/unit/test_with_pymemtrace.py# 264 new_dict_from_std_map_str_str      3259035648   1482899456
NEXT: 73416809     +1      2049.506319  C_CALL   tests/unit/test_with_pymemtrace.py# 265 perf_counter                       1803141120  -1455894528
PREV: 73416812     +3      2049.506356  C_RETURN tests/unit/test_with_pymemtrace.py# 266 append                             1803173888            0
NEXT: 73416813     +4      2049.862343  C_CALL   tests/unit/test_with_pymemtrace.py# 256 decode                              349634560  -1453539328
PREV: 73416814     +1      2049.862354  C_RETURN tests/unit/test_with_pymemtrace.py# 256 decode                              349634560            0
NEXT: 73416815     +2      2049.862791  CALL     /Library/Frameworks/Python.framework/Versions/3.12/lib/python3.12/random.py     # 332 randint                             334053376    -15581184
PREV: 83902043     +10485228 2073.344729  C_CALL   tests/unit/test_with_pymemtrace.py# 264 new_dict_from_std_map_str_str      1814069248            0
NEXT: 83902044     +10485229 2075.644536  C_RETURN tests/unit/test_with_pymemtrace.py# 264 new_dict_from_std_map_str_str      2551541760    737472512
NEXT: 83902045     +1      2075.861719  C_CALL   tests/unit/test_with_pymemtrace.py# 265 perf_counter                       1103511552  -1448030208
PREV: 83902048     +3      2075.861743  C_RETURN tests/unit/test_with_pymemtrace.py# 266 append                             1103511552            0
NEXT: 83902049     +4      2076.336910  C_CALL   tests/unit/test_with_pymemtrace.py# 256 decode                              287891456   -815620096
PREV: 83902050     +1      2076.336923  C_RETURN tests/unit/test_with_pymemtrace.py# 256 decode                              287891456            0
NEXT: 83902051     +2      2076.337477  CALL     /Library/Frameworks/Python.framework/Versions/3.12/lib/python3.12/random.py     # 332 randint                             271114240    -16777216
PREV: 83956462     +54411  2076.457032  C_RETURN tests/unit/test_with_pymemtrace.py# 256 decode                              273563648            0
NEXT: 83956463     +54412  2076.457085  CALL     /Library/Frameworks/Python.framework/Versions/3.12/lib/python3.12/random.py     # 332 randint                             273670144       106496
PREV: 84011320     +54857  2076.577004  C_RETURN tests/unit/test_with_pymemtrace.py# 256 decode                              273670144            0
NEXT: 84011321     +54858  2076.577115  CALL     /Library/Frameworks/Python.framework/Versions/3.12/lib/python3.12/random.py     # 332 randint                             273879040       208896
PREV: 84776012     +764691 2078.258255  C_RETURN tests/unit/test_with_pymemtrace.py# 256 decode                              284356608            0
NEXT: 84776013     +764692 2078.259427  CALL     /Library/Frameworks/Python.framework/Versions/3.12/lib/python3.12/random.py     # 332 randint                             286052352      1695744
PREV: 85650288     +874275 2080.211222  C_RETURN tests/unit/test_with_pymemtrace.py# 256 decode                              417116160            0
NEXT: 85650289     +874276 2080.212635  CALL     /Library/Frameworks/Python.framework/Versions/3.12/lib/python3.12/random.py     # 332 randint                             417353728       237568
PREV: 87396548     +1746259 2084.119611  C_RETURN tests/unit/test_with_pymemtrace.py# 256 decode                              679112704         4096
NEXT: 87396549     +1746260 2084.124571  CALL     /Library/Frameworks/Python.framework/Versions/3.12/lib/python3.12/random.py     # 332 randint                             686821376      7708672
PREV: 90892354     +3495805 2091.950974  C_RETURN tests/unit/test_with_pymemtrace.py# 256 decode                             1222000640            0
NEXT: 90892355     +3495806 2091.959369  CALL     /Library/Frameworks/Python.framework/Versions/3.12/lib/python3.12/random.py     # 332 randint                            1226891264      4890624
PREV: 94387847     +3495492 2099.782789  C_CALL   tests/unit/test_with_pymemtrace.py# 264 new_dict_from_std_map_str_str      1765961728            0
NEXT: 94387848     +3495493 2101.879155  C_RETURN tests/unit/test_with_pymemtrace.py# 264 new_dict_from_std_map_str_str      3628040192   1862078464
NEXT: 94387849     +1      2102.160426  C_CALL   tests/unit/test_with_pymemtrace.py# 265 perf_counter                       2103545856  -1524494336
PREV: 94387852     +3      2102.160474  C_RETURN tests/unit/test_with_pymemtrace.py# 266 append                             2103590912        12288
NEXT: 94387853     +4      2102.455547  C_CALL   tests/unit/test_with_pymemtrace.py# 256 decode                              311840768  -1791750144
PREV: 94387854     +1      2102.455557  C_RETURN tests/unit/test_with_pymemtrace.py# 256 decode                              311840768            0
NEXT: 94387855     +2      2102.455980  CALL     /Library/Frameworks/Python.framework/Versions/3.12/lib/python3.12/random.py     # 332 randint                             296640512    -15200256
PREV: 94636764     +248909 2103.002831  C_RETURN tests/unit/test_with_pymemtrace.py# 256 decode                              301965312            0
NEXT: 94636765     +248910 2103.003271  CALL     /Library/Frameworks/Python.framework/Versions/3.12/lib/python3.12/random.py     # 332 randint                             293576704     -8388608
PREV: 94825282     +188517 2103.420528  C_RETURN tests/unit/test_with_pymemtrace.py# 256 decode                              301711360            0
NEXT: 94825283     +188518 2103.421011  CALL     /Library/Frameworks/Python.framework/Versions/3.12/lib/python3.12/random.py     # 332 randint                             302333952       622592
PREV: 97883894     +3058611 2110.240693  C_RETURN tests/unit/test_with_pymemtrace.py# 256 decode                              699121664            0
NEXT: 97883895     +3058612 2110.246767  CALL     /Library/Frameworks/Python.framework/Versions/3.12/lib/python3.12/random.py     # 332 randint                             706797568      7675904
PREV: 104872175    +6988280 2125.937837  C_CALL   tests/unit/test_with_pymemtrace.py# 264 new_dict_from_std_map_str_str      1784958976            0
NEXT: 104872176    +6988281 2127.967062  C_RETURN tests/unit/test_with_pymemtrace.py# 264 new_dict_from_std_map_str_str      3495694336   1710735360
NEXT: 104872177    +1      2128.286975  C_CALL   tests/unit/test_with_pymemtrace.py# 265 perf_counter                       1945751552  -1549942784
PREV: 104872191    +14     2128.287172  CALL     /venv/lib/python3.12/site-packages/psutil/_common.py# 498 wrapper                            1945964544        36864
NEXT: 104872192    +15     2128.287219  CALL     /venv/lib/python3.12/site-packages/psutil/__init__.py#1098 memory_info                        1946054656        90112
PREV: 104872217    +25     2128.287379  RETURN   tests/unit/test_with_pymemtrace.py# 272 _test_new_dict_map_str             1946247168            0
NEXT: 104872218    +26     2128.556910  C_CALL   tests/unit/test_with_pymemtrace.py# 279 __exit__                            319995904  -1626251264
