      Event        dEvent  Clock        What     File                                                                            #line Function                                  RSS         dRSS
NEXT: 0            +0      1123.627017  CALL     tests/unit/test_with_pymemtrace.py# 106 _test_new_list_vector_bytes        1405702144   1405702144
PREV: 56           +56     1123.627152  C_RETURN tests/unit/test_with_pymemtrace.py# 113 print                              1405702144            0
NEXT: 57           +57     1123.734063  C_CALL   tests/unit/test_with_pymemtrace.py# 118 perf_counter                       1406582784       880640
PREV: 59           +2      1123.734070  C_CALL   tests/unit/test_with_pymemtrace.py# 119 new_list_vector_bytes              1406582784            0
NEXT: 60           +3      1124.640446  C_RETURN tests/unit/test_with_pymemtrace.py# 119 new_list_vector_bytes              3321032704   1914449920
NEXT: 61           +1      1124.933783  C_CALL   tests/unit/test_with_pymemtrace.py# 120 perf_counter                       1500712960  -1820319744
PREV: 64           +3      1124.933805  C_RETURN tests/unit/test_with_pymemtrace.py# 121 append                             1500712960            0
NEXT: 65           +4      1125.043739  C_CALL   tests/unit/test_with_pymemtrace.py# 118 perf_counter                       1484816384    -15896576
PREV: 67           +2      1125.043749  C_CALL   tests/unit/test_with_pymemtrace.py# 119 new_list_vector_bytes              1484816384            0
NEXT: 68           +3      1125.909102  C_RETURN tests/unit/test_with_pymemtrace.py# 119 new_list_vector_bytes              3632492544   2147676160
NEXT: 69           +1      1126.212592  C_CALL   tests/unit/test_with_pymemtrace.py# 120 perf_counter                       1485008896  -2147483648
PREV: 72           +3      1126.212610  C_RETURN tests/unit/test_with_pymemtrace.py# 121 append                             1485008896            0
NEXT: 73           +4      1126.325411  C_CALL   tests/unit/test_with_pymemtrace.py# 118 perf_counter                       1469112320    -15896576
PREV: 75           +2      1126.325428  C_CALL   tests/unit/test_with_pymemtrace.py# 119 new_list_vector_bytes              1469112320            0
NEXT: 76           +3      1127.183089  C_RETURN tests/unit/test_with_pymemtrace.py# 119 new_list_vector_bytes              3630374912   2161262592
NEXT: 77           +1      1127.494505  C_CALL   tests/unit/test_with_pymemtrace.py# 120 perf_counter                       1482895360  -2147479552
PREV: 80           +3      1127.494529  C_RETURN tests/unit/test_with_pymemtrace.py# 121 append                             1482895360            0
NEXT: 81           +4      1127.603723  C_CALL   tests/unit/test_with_pymemtrace.py# 118 perf_counter                       1466998784    -15896576
PREV: 83           +2      1127.603733  C_CALL   tests/unit/test_with_pymemtrace.py# 119 new_list_vector_bytes              1466998784            0
NEXT: 84           +3      1128.466448  C_RETURN tests/unit/test_with_pymemtrace.py# 119 new_list_vector_bytes              3631775744   2164776960
NEXT: 85           +1      1128.748301  C_CALL   tests/unit/test_with_pymemtrace.py# 120 perf_counter                       1484296192  -2147479552
PREV: 88           +3      1128.748317  C_RETURN tests/unit/test_with_pymemtrace.py# 121 append                             1484296192            0
NEXT: 89           +4      1128.859516  C_CALL   tests/unit/test_with_pymemtrace.py# 118 perf_counter                       1468399616    -15896576
PREV: 91           +2      1128.859527  C_CALL   tests/unit/test_with_pymemtrace.py# 119 new_list_vector_bytes              1468399616            0
NEXT: 92           +3      1129.718089  C_RETURN tests/unit/test_with_pymemtrace.py# 119 new_list_vector_bytes              3517718528   2049318912
NEXT: 93           +1      1129.994069  C_CALL   tests/unit/test_with_pymemtrace.py# 120 perf_counter                       1487683584  -2030034944
PREV: 96           +3      1129.994091  C_RETURN tests/unit/test_with_pymemtrace.py# 121 append                             1487683584            0
NEXT: 97           +4      1130.103559  C_CALL   tests/unit/test_with_pymemtrace.py# 118 perf_counter                       1471787008    -15896576
PREV: 99           +2      1130.103570  C_CALL   tests/unit/test_with_pymemtrace.py# 119 new_list_vector_bytes              1471787008            0
NEXT: 100          +3      1131.103821  C_RETURN tests/unit/test_with_pymemtrace.py# 119 new_list_vector_bytes              3523850240   2052063232
NEXT: 101          +1      1131.386411  C_CALL   tests/unit/test_with_pymemtrace.py# 120 perf_counter                       1544163328  -1979686912
PREV: 104          +3      1131.386434  C_RETURN tests/unit/test_with_pymemtrace.py# 121 append                             1544163328            0
NEXT: 105          +4      1131.496313  C_CALL   tests/unit/test_with_pymemtrace.py# 118 perf_counter                       1528266752    -15896576
PREV: 107          +2      1131.496326  C_CALL   tests/unit/test_with_pymemtrace.py# 119 new_list_vector_bytes              1528266752            0
NEXT: 108          +3      1132.345073  C_RETURN tests/unit/test_with_pymemtrace.py# 119 new_list_vector_bytes              3689349120   2161082368
NEXT: 109          +1      1132.645823  C_CALL   tests/unit/test_with_pymemtrace.py# 120 perf_counter                       1541869568  -2147479552
PREV: 112          +3      1132.645849  C_RETURN tests/unit/test_with_pymemtrace.py# 121 append                             1541869568            0
NEXT: 113          +4      1132.755186  C_CALL   tests/unit/test_with_pymemtrace.py# 118 perf_counter                       1525972992    -15896576
PREV: 115          +2      1132.755196  C_CALL   tests/unit/test_with_pymemtrace.py# 119 new_list_vector_bytes              1525972992            0
NEXT: 116          +3      1133.605234  C_RETURN tests/unit/test_with_pymemtrace.py# 119 new_list_vector_bytes              3686326272   2160353280
NEXT: 117          +1      1133.863926  C_CALL   tests/unit/test_with_pymemtrace.py# 120 perf_counter                       1538846720  -2147479552
PREV: 120          +3      1133.863948  C_RETURN tests/unit/test_with_pymemtrace.py# 121 append                             1538846720            0
NEXT: 121          +4      1133.975625  C_CALL   tests/unit/test_with_pymemtrace.py# 118 perf_counter                       1522950144    -15896576
PREV: 123          +2      1133.975637  C_CALL   tests/unit/test_with_pymemtrace.py# 119 new_list_vector_bytes              1522950144            0
NEXT: 124          +3      1134.814785  C_RETURN tests/unit/test_with_pymemtrace.py# 119 new_list_vector_bytes              3671404544   2148454400
NEXT: 125          +1      1135.076988  C_CALL   tests/unit/test_with_pymemtrace.py# 120 perf_counter                       1540702208  -2130702336
PREV: 128          +3      1135.077008  C_RETURN tests/unit/test_with_pymemtrace.py# 121 append                             1540702208            0
NEXT: 129          +4      1135.188159  C_CALL   tests/unit/test_with_pymemtrace.py# 118 perf_counter                       1524805632    -15896576
PREV: 131          +2      1135.188168  C_CALL   tests/unit/test_with_pymemtrace.py# 119 new_list_vector_bytes              1524805632            0
NEXT: 132          +3      1136.033859  C_RETURN tests/unit/test_with_pymemtrace.py# 119 new_list_vector_bytes              3652001792   2127196160
NEXT: 133          +1      1136.312783  C_CALL   tests/unit/test_with_pymemtrace.py# 120 perf_counter                       1529692160  -2122309632
PREV: 173          +40     1136.312945  RETURN   tests/unit/test_with_pymemtrace.py# 127 _test_new_list_vector_bytes        1529692160            0
NEXT: 174          +41     1136.315436  C_CALL   tests/unit/test_with_pymemtrace.py# 134 __exit__                           1521303552     -8388608
