      Event        dEvent  Clock        What     File                                                                            #line Function                                  RSS         dRSS
NEXT: 0            +0      1630.558141  CALL     tests/unit/test_with_pymemtrace.py# 192 _test_new_dict_unordered_map_bytes    668110848    668110848
PREV: 9453391      +9453391 1652.004533  C_CALL   tests/unit/test_with_pymemtrace.py# 216 new_dict_from_std_unordered_map_bytes_bytes   2159931392            0
NEXT: 9453392      +9453392 1653.849806  C_RETURN tests/unit/test_with_pymemtrace.py# 216 new_dict_from_std_unordered_map_bytes_bytes   3352743936   1192812544
NEXT: 9453393      +1      1654.294764  C_CALL   tests/unit/test_with_pymemtrace.py# 217 perf_counter                       2473566208   -879177728
PREV: 9453396      +3      1654.294786  C_RETURN tests/unit/test_with_pymemtrace.py# 218 append                             2473566208            0
NEXT: 9453397      +4      1654.517025  CALL     /Library/Frameworks/Python.framework/Versions/3.12/lib/python3.12/random.py     # 332 randint                             552439808  -1921126400
PREV: 9502420      +49023  1654.626419  RETURN   /Library/Frameworks/Python.framework/Versions/3.12/lib/python3.12/random.py     # 336 randint                             557920256            0
NEXT: 9502421      +49024  1654.626482  CALL     /Library/Frameworks/Python.framework/Versions/3.12/lib/python3.12/random.py     # 332 randint                             558055424       135168
PREV: 9846656      +344235 1655.391944  RETURN   /Library/Frameworks/Python.framework/Versions/3.12/lib/python3.12/random.py     # 336 randint                             560398336            0
NEXT: 9846657      +344236 1655.392483  CALL     /Library/Frameworks/Python.framework/Versions/3.12/lib/python3.12/random.py     # 332 randint                             561713152      1314816
PREV: 10239988     +393331 1656.263494  RETURN   /Library/Frameworks/Python.framework/Versions/3.12/lib/python3.12/random.py     # 336 randint                             565256192            0
NEXT: 10239989     +393332 1656.264576  CALL     /Library/Frameworks/Python.framework/Versions/3.12/lib/python3.12/random.py     # 332 randint                             567898112      2641920
PREV: 11026106     +786117 1658.023139  RETURN   /Library/Frameworks/Python.framework/Versions/3.12/lib/python3.12/random.py     # 336 randint                             677294080            0
NEXT: 11026107     +786118 1658.025247  CALL     /Library/Frameworks/Python.framework/Versions/3.12/lib/python3.12/random.py     # 332 randint                             682545152      5251072
PREV: 18888771     +7862664 1675.717421  C_CALL   tests/unit/test_with_pymemtrace.py# 216 new_dict_from_std_unordered_map_bytes_bytes   2030227456            0
NEXT: 18888772     +7862665 1677.387563  C_RETURN tests/unit/test_with_pymemtrace.py# 216 new_dict_from_std_unordered_map_bytes_bytes   4196675584   2166448128
NEXT: 18888773     +1      1677.684636  C_CALL   tests/unit/test_with_pymemtrace.py# 217 perf_counter                       2317627392  -1879048192
PREV: 18888776     +3      1677.684656  C_RETURN tests/unit/test_with_pymemtrace.py# 218 append                             2317627392            0
NEXT: 18888777     +4      1677.918841  CALL     /Library/Frameworks/Python.framework/Versions/3.12/lib/python3.12/random.py     # 332 randint                             405024768  -1912602624
PREV: 18913438     +24661  1677.973108  RETURN   /Library/Frameworks/Python.framework/Versions/3.12/lib/python3.12/random.py     # 336 randint                             405082112            0
NEXT: 18913439     +24662  1677.973199  CALL     /Library/Frameworks/Python.framework/Versions/3.12/lib/python3.12/random.py     # 332 randint                             405159936        77824
PREV: 18937716     +24277  1678.027661  RETURN   /Library/Frameworks/Python.framework/Versions/3.12/lib/python3.12/random.py     # 336 randint                             407912448            0
NEXT: 18937717     +24278  1678.027735  CALL     /Library/Frameworks/Python.framework/Versions/3.12/lib/python3.12/random.py     # 332 randint                             408064000       151552
PREV: 18986664     +48947  1678.136618  RETURN   /Library/Frameworks/Python.framework/Versions/3.12/lib/python3.12/random.py     # 336 randint                             408064000            0
NEXT: 18986665     +48948  1678.136750  CALL     /Library/Frameworks/Python.framework/Versions/3.12/lib/python3.12/random.py     # 332 randint                             408363008       299008
PREV: 19084888     +98223  1678.354104  RETURN   /Library/Frameworks/Python.framework/Versions/3.12/lib/python3.12/random.py     # 336 randint                             408363008            0
NEXT: 19084889     +98224  1678.354370  CALL     /Library/Frameworks/Python.framework/Versions/3.12/lib/python3.12/random.py     # 332 randint                             408956928       593920
PREV: 28326053     +9241164 1699.124773  C_CALL   tests/unit/test_with_pymemtrace.py# 216 new_dict_from_std_unordered_map_bytes_bytes   1880272896            0
NEXT: 28326054     +9241165 1700.755983  C_RETURN tests/unit/test_with_pymemtrace.py# 216 new_dict_from_std_unordered_map_bytes_bytes   4162236416   2281963520
NEXT: 28326055     +1      1701.022340  C_CALL   tests/unit/test_with_pymemtrace.py# 217 perf_counter                       2174136320  -1988100096
PREV: 28326058     +3      1701.022359  C_RETURN tests/unit/test_with_pymemtrace.py# 218 append                             2174136320            0
NEXT: 28326059     +4      1701.189666  CALL     /Library/Frameworks/Python.framework/Versions/3.12/lib/python3.12/random.py     # 332 randint                             395751424  -1778384896
PREV: 37763091     +9437032 1722.394460  C_CALL   tests/unit/test_with_pymemtrace.py# 216 new_dict_from_std_unordered_map_bytes_bytes   1878138880            0
NEXT: 37763092     +9437033 1724.026998  C_RETURN tests/unit/test_with_pymemtrace.py# 216 new_dict_from_std_unordered_map_bytes_bytes   4195962880   2317824000
NEXT: 37763093     +1      1724.300739  C_CALL   tests/unit/test_with_pymemtrace.py# 217 perf_counter                       2040090624  -2155872256
PREV: 37763096     +3      1724.300758  C_RETURN tests/unit/test_with_pymemtrace.py# 218 append                             2040090624            0
NEXT: 37763097     +4      1724.500509  CALL     /Library/Frameworks/Python.framework/Versions/3.12/lib/python3.12/random.py     # 332 randint                             379146240  -1660944384
PREV: 47197093     +9433996 1745.711534  C_CALL   tests/unit/test_with_pymemtrace.py# 216 new_dict_from_std_unordered_map_bytes_bytes   1861529600            0
NEXT: 47197094     +9433997 1747.358175  C_RETURN tests/unit/test_with_pymemtrace.py# 216 new_dict_from_std_unordered_map_bytes_bytes   4353957888   2492428288
NEXT: 47197095     +1      1747.615349  C_CALL   tests/unit/test_with_pymemtrace.py# 217 perf_counter                       2248417280  -2105540608
PREV: 47197098     +3      1747.615463  C_RETURN tests/unit/test_with_pymemtrace.py# 218 append                             2248425472         8192
NEXT: 47197099     +4      1747.804861  CALL     /Library/Frameworks/Python.framework/Versions/3.12/lib/python3.12/random.py     # 332 randint                             411324416  -1837101056
PREV: 48770188     +1573089 1751.314632  RETURN   /Library/Frameworks/Python.framework/Versions/3.12/lib/python3.12/random.py     # 336 randint                             555802624            0
NEXT: 48770189     +1573090 1751.317048  CALL     /Library/Frameworks/Python.framework/Versions/3.12/lib/python3.12/random.py     # 332 randint                             561053696      5251072
PREV: 56634009     +7863820 1769.023741  C_CALL   tests/unit/test_with_pymemtrace.py# 216 new_dict_from_std_unordered_map_bytes_bytes   1898975232            0
NEXT: 56634010     +7863821 1770.664990  C_RETURN tests/unit/test_with_pymemtrace.py# 216 new_dict_from_std_unordered_map_bytes_bytes   4207214592   2308239360
NEXT: 56634011     +1      1770.933042  C_CALL   tests/unit/test_with_pymemtrace.py# 217 perf_counter                       2286223360  -1920991232
PREV: 56634014     +3      1770.933061  C_RETURN tests/unit/test_with_pymemtrace.py# 218 append                             2286223360            0
NEXT: 56634015     +4      1771.111272  CALL     /Library/Frameworks/Python.framework/Versions/3.12/lib/python3.12/random.py     # 332 randint                             449118208  -1837105152
PREV: 57419540     +785525 1772.853309  RETURN   /Library/Frameworks/Python.framework/Versions/3.12/lib/python3.12/random.py     # 336 randint                             459825152            0
NEXT: 57419541     +785526 1772.853627  CALL     /Library/Frameworks/Python.framework/Versions/3.12/lib/python3.12/random.py     # 332 randint                             459894784        69632
PREV: 66072755     +8653214 1792.315583  C_CALL   tests/unit/test_with_pymemtrace.py# 216 new_dict_from_std_unordered_map_bytes_bytes   1931636736            0
NEXT: 66072756     +8653215 1793.933840  C_RETURN tests/unit/test_with_pymemtrace.py# 216 new_dict_from_std_unordered_map_bytes_bytes   4314468352   2382831616
NEXT: 66072757     +1      1794.188832  C_CALL   tests/unit/test_with_pymemtrace.py# 217 perf_counter                       2225704960  -2088763392
PREV: 66072760     +3      1794.188854  C_RETURN tests/unit/test_with_pymemtrace.py# 218 append                             2225704960            0
NEXT: 66072761     +4      1794.350716  CALL     /Library/Frameworks/Python.framework/Versions/3.12/lib/python3.12/random.py     # 332 randint                             472485888  -1753219072
PREV: 67646558     +1573797 1797.857358  RETURN   /Library/Frameworks/Python.framework/Versions/3.12/lib/python3.12/random.py     # 336 randint                             618856448            0
NEXT: 67646559     +1573798 1797.859371  CALL     /Library/Frameworks/Python.framework/Versions/3.12/lib/python3.12/random.py     # 332 randint                             622858240      4001792
PREV: 75507729     +7861170 1815.591614  C_CALL   tests/unit/test_with_pymemtrace.py# 216 new_dict_from_std_unordered_map_bytes_bytes   1967144960            0
NEXT: 75507730     +7861171 1817.441616  C_RETURN tests/unit/test_with_pymemtrace.py# 216 new_dict_from_std_unordered_map_bytes_bytes   2694807552    727662592
NEXT: 75507731     +1      1817.863250  C_CALL   tests/unit/test_with_pymemtrace.py# 217 perf_counter                       2105409536   -589398016
PREV: 75507734     +3      1817.863277  C_RETURN tests/unit/test_with_pymemtrace.py# 218 append                             2105409536            0
NEXT: 75507735     +4      1818.141715  CALL     /Library/Frameworks/Python.framework/Versions/3.12/lib/python3.12/random.py     # 332 randint                             446746624  -1658662912
PREV: 75556898     +49163  1818.252829  RETURN   /Library/Frameworks/Python.framework/Versions/3.12/lib/python3.12/random.py     # 336 randint                             452730880            0
NEXT: 75556899     +49164  1818.252895  CALL     /Library/Frameworks/Python.framework/Versions/3.12/lib/python3.12/random.py     # 332 randint                             452866048       135168
PREV: 75606202     +49303  1818.363648  RETURN   /Library/Frameworks/Python.framework/Versions/3.12/lib/python3.12/random.py     # 336 randint                             452866048            0
NEXT: 75606203     +49304  1818.363785  CALL     /Library/Frameworks/Python.framework/Versions/3.12/lib/python3.12/random.py     # 332 randint                             453165056       299008
PREV: 75901384     +295181 1819.041448  RETURN   /Library/Frameworks/Python.framework/Versions/3.12/lib/python3.12/random.py     # 336 randint                             461209600            0
NEXT: 75901385     +295182 1819.041984  CALL     /Library/Frameworks/Python.framework/Versions/3.12/lib/python3.12/random.py     # 332 randint                             462479360      1269760
PREV: 76294958     +393573 1819.955564  RETURN   /Library/Frameworks/Python.framework/Versions/3.12/lib/python3.12/random.py     # 336 randint                             462659584            0
NEXT: 76294959     +393574 1819.956380  CALL     /Library/Frameworks/Python.framework/Versions/3.12/lib/python3.12/random.py     # 332 randint                             463990784      1331200
PREV: 77081964     +787005 1821.757936  RETURN   /Library/Frameworks/Python.framework/Versions/3.12/lib/python3.12/random.py     # 336 randint                             576155648            0
NEXT: 77081965     +787006 1821.759318  CALL     /Library/Frameworks/Python.framework/Versions/3.12/lib/python3.12/random.py     # 332 randint                             577323008      1167360
PREV: 81799944     +4717979 1832.465376  RETURN   /Library/Frameworks/Python.framework/Versions/3.12/lib/python3.12/random.py     # 336 randint                            1385930752            0
NEXT: 81799945     +4717980 1832.475164  CALL     /Library/Frameworks/Python.framework/Versions/3.12/lib/python3.12/random.py     # 332 randint                            1394315264      8384512
PREV: 84944905     +3144960 1839.573267  C_CALL   tests/unit/test_with_pymemtrace.py# 216 new_dict_from_std_unordered_map_bytes_bytes   1933398016         8192
NEXT: 84944906     +3144961 1841.380956  C_RETURN tests/unit/test_with_pymemtrace.py# 216 new_dict_from_std_unordered_map_bytes_bytes   2818383872    884985856
NEXT: 84944907     +1      1841.811253  C_CALL   tests/unit/test_with_pymemtrace.py# 217 perf_counter                       2241888256   -576495616
PREV: 84944910     +3      1841.811287  C_RETURN tests/unit/test_with_pymemtrace.py# 218 append                             2241900544        12288
NEXT: 84944911     +4      1842.082717  CALL     /Library/Frameworks/Python.framework/Versions/3.12/lib/python3.12/random.py     # 332 randint                             417538048  -1824362496
PREV: 85731516     +786605 1843.829927  RETURN   /Library/Frameworks/Python.framework/Versions/3.12/lib/python3.12/random.py     # 336 randint                             423526400            0
NEXT: 85731517     +786606 1843.831072  CALL     /Library/Frameworks/Python.framework/Versions/3.12/lib/python3.12/random.py     # 332 randint                             426151936      2625536
PREV: 86518262     +786745 1845.598299  RETURN   /Library/Frameworks/Python.framework/Versions/3.12/lib/python3.12/random.py     # 336 randint                             543768576            0
NEXT: 86518263     +786746 1845.600009  CALL     /Library/Frameworks/Python.framework/Versions/3.12/lib/python3.12/random.py     # 332 randint                             546344960      2576384
PREV: 94380915     +7862652 1863.310992  C_CALL   tests/unit/test_with_pymemtrace.py# 216 new_dict_from_std_unordered_map_bytes_bytes   1888407552            0
NEXT: 94380916     +7862653 1865.085629  C_RETURN tests/unit/test_with_pymemtrace.py# 216 new_dict_from_std_unordered_map_bytes_bytes   3179823104   1291415552
NEXT: 94380917     +1      1865.464785  C_CALL   tests/unit/test_with_pymemtrace.py# 217 perf_counter                       2163175424  -1016647680
PREV: 94380931     +14     1865.464963  CALL     /venv/lib/python3.12/site-packages/psutil/_common.py# 498 wrapper                            2163339264        24576
NEXT: 94380932     +15     1865.465001  CALL     /venv/lib/python3.12/site-packages/psutil/__init__.py#1098 memory_info                        2163412992        73728
PREV: 94380957     +25     1865.465145  RETURN   tests/unit/test_with_pymemtrace.py# 224 _test_new_dict_unordered_map_bytes   2163568640            0
NEXT: 94380958     +26     1865.714649  C_CALL   tests/unit/test_with_pymemtrace.py# 231 __exit__                            358440960  -1805127680
