      Event        dEvent  Clock        What     File                                                                            #line Function                                  RSS         dRSS
NEXT: 0            +0      1653.298041  CALL     /Users/paulross/CLionProjects/PythonCppHomogeneousContainers/tests/unit/test_with_pymemtrace.py#  64 _test_new_list_double              1500491776   1500491776
PREV: 57           +57     1653.298213  CALL     /Users/paulross/CLionProjects/PythonCppHomogeneousContainers/tests/unit/test_with_pymemtrace.py#  71 <listcomp>                         1500491776            0
NEXT: 58           +58     1654.306549  RETURN   /Users/paulross/CLionProjects/PythonCppHomogeneousContainers/tests/unit/test_with_pymemtrace.py#  71 <listcomp>                         1716731904    216240128
PREV: 61           +3      1654.306573  C_CALL   /Users/paulross/CLionProjects/PythonCppHomogeneousContainers/tests/unit/test_with_pymemtrace.py#  73 new_list_list_float                1716731904            0
NEXT: 62           +4      1655.320590  C_RETURN /Users/paulross/CLionProjects/PythonCppHomogeneousContainers/tests/unit/test_with_pymemtrace.py#  73 new_list_list_float                2132783104    416051200
NEXT: 63           +1      1655.455647  C_CALL   /Users/paulross/CLionProjects/PythonCppHomogeneousContainers/tests/unit/test_with_pymemtrace.py#  74 perf_counter                       1796190208   -336592896
PREV: 67           +4      1655.455685  CALL     /Users/paulross/CLionProjects/PythonCppHomogeneousContainers/tests/unit/test_with_pymemtrace.py#  71 <listcomp>                         1796190208            0
NEXT: 68           +5      1656.450855  RETURN   /Users/paulross/CLionProjects/PythonCppHomogeneousContainers/tests/unit/test_with_pymemtrace.py#  71 <listcomp>                         2053591040    257400832
NEXT: 69           +1      1656.576467  C_CALL   /Users/paulross/CLionProjects/PythonCppHomogeneousContainers/tests/unit/test_with_pymemtrace.py#  72 perf_counter                       1676103680   -377487360
PREV: 71           +2      1656.576489  C_CALL   /Users/paulross/CLionProjects/PythonCppHomogeneousContainers/tests/unit/test_with_pymemtrace.py#  73 new_list_list_float                1676103680            0
NEXT: 72           +3      1658.121092  C_RETURN /Users/paulross/CLionProjects/PythonCppHomogeneousContainers/tests/unit/test_with_pymemtrace.py#  73 new_list_list_float                2132783104    456679424
NEXT: 73           +1      1658.407505  C_CALL   /Users/paulross/CLionProjects/PythonCppHomogeneousContainers/tests/unit/test_with_pymemtrace.py#  74 perf_counter                       1839181824   -293601280
PREV: 77           +4      1658.407569  CALL     /Users/paulross/CLionProjects/PythonCppHomogeneousContainers/tests/unit/test_with_pymemtrace.py#  71 <listcomp>                         1839181824            0
NEXT: 78           +5      1660.474222  RETURN   /Users/paulross/CLionProjects/PythonCppHomogeneousContainers/tests/unit/test_with_pymemtrace.py#  71 <listcomp>                         2053591040    214409216
NEXT: 79           +1      1660.631332  C_CALL   /Users/paulross/CLionProjects/PythonCppHomogeneousContainers/tests/unit/test_with_pymemtrace.py#  72 perf_counter                       1635209216   -418381824
PREV: 81           +2      1660.631354  C_CALL   /Users/paulross/CLionProjects/PythonCppHomogeneousContainers/tests/unit/test_with_pymemtrace.py#  73 new_list_list_float                1635209216            0
NEXT: 82           +3      1661.732167  C_RETURN /Users/paulross/CLionProjects/PythonCppHomogeneousContainers/tests/unit/test_with_pymemtrace.py#  73 new_list_list_float                2132783104    497573888
NEXT: 83           +1      1661.860478  C_CALL   /Users/paulross/CLionProjects/PythonCppHomogeneousContainers/tests/unit/test_with_pymemtrace.py#  74 perf_counter                       1798287360   -334495744
PREV: 87           +4      1661.860510  CALL     /Users/paulross/CLionProjects/PythonCppHomogeneousContainers/tests/unit/test_with_pymemtrace.py#  71 <listcomp>                         1798287360            0
NEXT: 88           +5      1662.880274  RETURN   /Users/paulross/CLionProjects/PythonCppHomogeneousContainers/tests/unit/test_with_pymemtrace.py#  71 <listcomp>                         2054524928    256237568
NEXT: 89           +1      1662.994655  C_CALL   /Users/paulross/CLionProjects/PythonCppHomogeneousContainers/tests/unit/test_with_pymemtrace.py#  72 perf_counter                       1679134720   -375390208
PREV: 91           +2      1662.994672  C_CALL   /Users/paulross/CLionProjects/PythonCppHomogeneousContainers/tests/unit/test_with_pymemtrace.py#  73 new_list_list_float                1679134720            0
NEXT: 92           +3      1664.020933  C_RETURN /Users/paulross/CLionProjects/PythonCppHomogeneousContainers/tests/unit/test_with_pymemtrace.py#  73 new_list_list_float                2133712896    454578176
NEXT: 93           +1      1664.136496  C_CALL   /Users/paulross/CLionProjects/PythonCppHomogeneousContainers/tests/unit/test_with_pymemtrace.py#  74 perf_counter                       1842208768   -291504128
PREV: 97           +4      1664.136526  CALL     /Users/paulross/CLionProjects/PythonCppHomogeneousContainers/tests/unit/test_with_pymemtrace.py#  71 <listcomp>                         1842208768            0
NEXT: 98           +5      1665.145550  RETURN   /Users/paulross/CLionProjects/PythonCppHomogeneousContainers/tests/unit/test_with_pymemtrace.py#  71 <listcomp>                         2052694016    210485248
NEXT: 99           +1      1665.256239  C_CALL   /Users/paulross/CLionProjects/PythonCppHomogeneousContainers/tests/unit/test_with_pymemtrace.py#  72 perf_counter                       1637310464   -415383552
PREV: 101          +2      1665.256256  C_CALL   /Users/paulross/CLionProjects/PythonCppHomogeneousContainers/tests/unit/test_with_pymemtrace.py#  73 new_list_list_float                1637310464            0
NEXT: 102          +3      1666.273247  C_RETURN /Users/paulross/CLionProjects/PythonCppHomogeneousContainers/tests/unit/test_with_pymemtrace.py#  73 new_list_list_float                2132787200    495476736
NEXT: 103          +1      1666.406511  C_CALL   /Users/paulross/CLionProjects/PythonCppHomogeneousContainers/tests/unit/test_with_pymemtrace.py#  74 perf_counter                       1801437184   -331350016
PREV: 107          +4      1666.406541  CALL     /Users/paulross/CLionProjects/PythonCppHomogeneousContainers/tests/unit/test_with_pymemtrace.py#  71 <listcomp>                         1801437184            0
NEXT: 108          +5      1667.412888  RETURN   /Users/paulross/CLionProjects/PythonCppHomogeneousContainers/tests/unit/test_with_pymemtrace.py#  71 <listcomp>                         2053595136    252157952
NEXT: 109          +1      1667.535211  C_CALL   /Users/paulross/CLionProjects/PythonCppHomogeneousContainers/tests/unit/test_with_pymemtrace.py#  72 perf_counter                       1680302080   -373293056
PREV: 111          +2      1667.535225  C_CALL   /Users/paulross/CLionProjects/PythonCppHomogeneousContainers/tests/unit/test_with_pymemtrace.py#  73 new_list_list_float                1680302080            0
NEXT: 112          +3      1668.544086  C_RETURN /Users/paulross/CLionProjects/PythonCppHomogeneousContainers/tests/unit/test_with_pymemtrace.py#  73 new_list_list_float                2132787200    452485120
NEXT: 113          +1      1668.674195  C_CALL   /Users/paulross/CLionProjects/PythonCppHomogeneousContainers/tests/unit/test_with_pymemtrace.py#  74 perf_counter                       1844428800   -288358400
PREV: 117          +4      1668.674224  CALL     /Users/paulross/CLionProjects/PythonCppHomogeneousContainers/tests/unit/test_with_pymemtrace.py#  71 <listcomp>                         1844428800            0
NEXT: 118          +5      1669.673533  RETURN   /Users/paulross/CLionProjects/PythonCppHomogeneousContainers/tests/unit/test_with_pymemtrace.py#  71 <listcomp>                         2053595136    209166336
NEXT: 119          +1      1669.795448  C_CALL   /Users/paulross/CLionProjects/PythonCppHomogeneousContainers/tests/unit/test_with_pymemtrace.py#  72 perf_counter                       1639407616   -414187520
PREV: 121          +2      1669.795509  C_CALL   /Users/paulross/CLionProjects/PythonCppHomogeneousContainers/tests/unit/test_with_pymemtrace.py#  73 new_list_list_float                1639407616            0
NEXT: 122          +3      1670.815740  C_RETURN /Users/paulross/CLionProjects/PythonCppHomogeneousContainers/tests/unit/test_with_pymemtrace.py#  73 new_list_list_float                2132787200    493379584
NEXT: 123          +1      1670.927009  C_CALL   /Users/paulross/CLionProjects/PythonCppHomogeneousContainers/tests/unit/test_with_pymemtrace.py#  74 perf_counter                       1803534336   -329252864
PREV: 127          +4      1670.927040  CALL     /Users/paulross/CLionProjects/PythonCppHomogeneousContainers/tests/unit/test_with_pymemtrace.py#  71 <listcomp>                         1803534336            0
NEXT: 128          +5      1671.941425  RETURN   /Users/paulross/CLionProjects/PythonCppHomogeneousContainers/tests/unit/test_with_pymemtrace.py#  71 <listcomp>                         2053595136    250060800
NEXT: 129          +1      1672.064927  C_CALL   /Users/paulross/CLionProjects/PythonCppHomogeneousContainers/tests/unit/test_with_pymemtrace.py#  72 perf_counter                       1682399232   -371195904
PREV: 131          +2      1672.064949  C_CALL   /Users/paulross/CLionProjects/PythonCppHomogeneousContainers/tests/unit/test_with_pymemtrace.py#  73 new_list_list_float                1682399232            0
NEXT: 132          +3      1673.119053  C_RETURN /Users/paulross/CLionProjects/PythonCppHomogeneousContainers/tests/unit/test_with_pymemtrace.py#  73 new_list_list_float                2132787200    450387968
NEXT: 133          +1      1673.236033  C_CALL   /Users/paulross/CLionProjects/PythonCppHomogeneousContainers/tests/unit/test_with_pymemtrace.py#  74 perf_counter                       1846525952   -286261248
PREV: 137          +4      1673.236064  CALL     /Users/paulross/CLionProjects/PythonCppHomogeneousContainers/tests/unit/test_with_pymemtrace.py#  71 <listcomp>                         1846525952            0
NEXT: 138          +5      1674.252705  RETURN   /Users/paulross/CLionProjects/PythonCppHomogeneousContainers/tests/unit/test_with_pymemtrace.py#  71 <listcomp>                         2053595136    207069184
NEXT: 139          +1      1674.365280  C_CALL   /Users/paulross/CLionProjects/PythonCppHomogeneousContainers/tests/unit/test_with_pymemtrace.py#  72 perf_counter                       1641504768   -412090368
PREV: 141          +2      1674.365294  C_CALL   /Users/paulross/CLionProjects/PythonCppHomogeneousContainers/tests/unit/test_with_pymemtrace.py#  73 new_list_list_float                1641504768            0
NEXT: 142          +3      1675.385659  C_RETURN /Users/paulross/CLionProjects/PythonCppHomogeneousContainers/tests/unit/test_with_pymemtrace.py#  73 new_list_list_float                2132787200    491282432
NEXT: 143          +1      1675.498481  C_CALL   /Users/paulross/CLionProjects/PythonCppHomogeneousContainers/tests/unit/test_with_pymemtrace.py#  74 perf_counter                       1805631488   -327155712
PREV: 147          +4      1675.498514  CALL     /Users/paulross/CLionProjects/PythonCppHomogeneousContainers/tests/unit/test_with_pymemtrace.py#  71 <listcomp>                         1805631488            0
NEXT: 148          +5      1676.511389  RETURN   /Users/paulross/CLionProjects/PythonCppHomogeneousContainers/tests/unit/test_with_pymemtrace.py#  71 <listcomp>                         2054524928    248893440
NEXT: 149          +1      1676.630351  C_CALL   /Users/paulross/CLionProjects/PythonCppHomogeneousContainers/tests/unit/test_with_pymemtrace.py#  72 perf_counter                       1685426176   -369098752
PREV: 151          +2      1676.630362  C_CALL   /Users/paulross/CLionProjects/PythonCppHomogeneousContainers/tests/unit/test_with_pymemtrace.py#  73 new_list_list_float                1685426176            0
NEXT: 152          +3      1677.637090  C_RETURN /Users/paulross/CLionProjects/PythonCppHomogeneousContainers/tests/unit/test_with_pymemtrace.py#  73 new_list_list_float                2133716992    448290816
NEXT: 153          +1      1677.766754  C_CALL   /Users/paulross/CLionProjects/PythonCppHomogeneousContainers/tests/unit/test_with_pymemtrace.py#  74 perf_counter                       1849552896   -284164096
PREV: 193          +40     1677.766939  RETURN   /Users/paulross/CLionProjects/PythonCppHomogeneousContainers/tests/unit/test_with_pymemtrace.py#  81 _test_new_list_double              1849552896            0
NEXT: 194          +41     1677.881114  C_CALL   /Users/paulross/CLionProjects/PythonCppHomogeneousContainers/tests/unit/test_with_pymemtrace.py#  99 __exit__                           1418588160   -430964736
