      Event        dEvent  Clock        What     File                                                                            #line Function                                  RSS         dRSS
NEXT: 0            +0      1668.466254  CALL     /Users/paulross/CLionProjects/PythonCppHomogeneousContainers/tests/unit/test_with_pymemtrace.py#  64 _test_new_list_double              1426124800   1426124800
PREV: 35           +35     1668.466344  CALL     /Users/paulross/pyenvs/cPyCppContainers_3.8/lib/python3.8/site-packages/psutil/_psosx.py# 346 wrapper                            1426124800            0
NEXT: 36           +36     1668.466354  CALL     /Users/paulross/pyenvs/cPyCppContainers_3.8/lib/python3.8/site-packages/psutil/_common.py# 498 wrapper                            1426128896         4096
PREV: 57           +21     1668.466404  CALL     /Users/paulross/CLionProjects/PythonCppHomogeneousContainers/tests/unit/test_with_pymemtrace.py#  71 <listcomp>                         1426128896            0
NEXT: 58           +22     1669.862067  RETURN   /Users/paulross/CLionProjects/PythonCppHomogeneousContainers/tests/unit/test_with_pymemtrace.py#  71 <listcomp>                         1623449600    197320704
PREV: 61           +3      1669.862092  C_CALL   /Users/paulross/CLionProjects/PythonCppHomogeneousContainers/tests/unit/test_with_pymemtrace.py#  73 new_list_vector_float              1623449600            0
NEXT: 62           +4      1670.305226  C_RETURN /Users/paulross/CLionProjects/PythonCppHomogeneousContainers/tests/unit/test_with_pymemtrace.py#  73 new_list_vector_float              2211614720    588165120
NEXT: 63           +1      1670.401076  C_CALL   /Users/paulross/CLionProjects/PythonCppHomogeneousContainers/tests/unit/test_with_pymemtrace.py#  74 perf_counter                       2211631104        16384
PREV: 67           +4      1670.401119  CALL     /Users/paulross/CLionProjects/PythonCppHomogeneousContainers/tests/unit/test_with_pymemtrace.py#  71 <listcomp>                         2211631104            0
NEXT: 68           +5      1671.676568  RETURN   /Users/paulross/CLionProjects/PythonCppHomogeneousContainers/tests/unit/test_with_pymemtrace.py#  71 <listcomp>                         2157916160    -53714944
NEXT: 69           +1      1671.788075  C_CALL   /Users/paulross/CLionProjects/PythonCppHomogeneousContainers/tests/unit/test_with_pymemtrace.py#  72 perf_counter                       2074030080    -83886080
PREV: 71           +2      1671.788088  C_CALL   /Users/paulross/CLionProjects/PythonCppHomogeneousContainers/tests/unit/test_with_pymemtrace.py#  73 new_list_vector_float              2074030080            0
NEXT: 72           +3      1672.192986  C_RETURN /Users/paulross/CLionProjects/PythonCppHomogeneousContainers/tests/unit/test_with_pymemtrace.py#  73 new_list_vector_float              2446540800    372510720
NEXT: 73           +1      1672.297315  C_CALL   /Users/paulross/CLionProjects/PythonCppHomogeneousContainers/tests/unit/test_with_pymemtrace.py#  74 perf_counter                       2446548992         8192
PREV: 77           +4      1672.297342  CALL     /Users/paulross/CLionProjects/PythonCppHomogeneousContainers/tests/unit/test_with_pymemtrace.py#  71 <listcomp>                         2446548992            0
NEXT: 78           +5      1673.554931  RETURN   /Users/paulross/CLionProjects/PythonCppHomogeneousContainers/tests/unit/test_with_pymemtrace.py#  71 <listcomp>                         2366988288    -79560704
NEXT: 79           +1      1673.666732  C_CALL   /Users/paulross/CLionProjects/PythonCppHomogeneousContainers/tests/unit/test_with_pymemtrace.py#  72 perf_counter                       2290708480    -76279808
PREV: 81           +2      1673.666745  C_CALL   /Users/paulross/CLionProjects/PythonCppHomogeneousContainers/tests/unit/test_with_pymemtrace.py#  73 new_list_vector_float              2290708480            0
NEXT: 82           +3      1673.996594  C_RETURN /Users/paulross/CLionProjects/PythonCppHomogeneousContainers/tests/unit/test_with_pymemtrace.py#  73 new_list_vector_float              2455683072    164974592
PREV: 87           +5      1674.109140  CALL     /Users/paulross/CLionProjects/PythonCppHomogeneousContainers/tests/unit/test_with_pymemtrace.py#  71 <listcomp>                         2455683072            0
NEXT: 88           +6      1675.399748  RETURN   /Users/paulross/CLionProjects/PythonCppHomogeneousContainers/tests/unit/test_with_pymemtrace.py#  71 <listcomp>                         2383912960    -71770112
NEXT: 89           +1      1675.512410  C_CALL   /Users/paulross/CLionProjects/PythonCppHomogeneousContainers/tests/unit/test_with_pymemtrace.py#  72 perf_counter                       2307633152    -76279808
PREV: 91           +2      1675.512424  C_CALL   /Users/paulross/CLionProjects/PythonCppHomogeneousContainers/tests/unit/test_with_pymemtrace.py#  73 new_list_vector_float              2307633152            0
NEXT: 92           +3      1675.828640  C_RETURN /Users/paulross/CLionProjects/PythonCppHomogeneousContainers/tests/unit/test_with_pymemtrace.py#  73 new_list_vector_float              2564808704    257175552
NEXT: 93           +1      1675.937706  C_CALL   /Users/paulross/CLionProjects/PythonCppHomogeneousContainers/tests/unit/test_with_pymemtrace.py#  74 perf_counter                       2564812800         4096
PREV: 97           +4      1675.937742  CALL     /Users/paulross/CLionProjects/PythonCppHomogeneousContainers/tests/unit/test_with_pymemtrace.py#  71 <listcomp>                         2564812800            0
NEXT: 98           +5      1677.231128  RETURN   /Users/paulross/CLionProjects/PythonCppHomogeneousContainers/tests/unit/test_with_pymemtrace.py#  71 <listcomp>                         2475614208    -89198592
NEXT: 99           +1      1677.341323  C_CALL   /Users/paulross/CLionProjects/PythonCppHomogeneousContainers/tests/unit/test_with_pymemtrace.py#  72 perf_counter                       2399453184    -76161024
PREV: 101          +2      1677.341337  C_CALL   /Users/paulross/CLionProjects/PythonCppHomogeneousContainers/tests/unit/test_with_pymemtrace.py#  73 new_list_vector_float              2399453184            0
NEXT: 102          +3      1677.652148  C_RETURN /Users/paulross/CLionProjects/PythonCppHomogeneousContainers/tests/unit/test_with_pymemtrace.py#  73 new_list_vector_float              2574229504    174776320
PREV: 107          +5      1677.751206  CALL     /Users/paulross/CLionProjects/PythonCppHomogeneousContainers/tests/unit/test_with_pymemtrace.py#  71 <listcomp>                         2574229504            0
NEXT: 108          +6      1680.685063  RETURN   /Users/paulross/CLionProjects/PythonCppHomogeneousContainers/tests/unit/test_with_pymemtrace.py#  71 <listcomp>                         2581204992      6975488
NEXT: 109          +1      1680.861295  C_CALL   /Users/paulross/CLionProjects/PythonCppHomogeneousContainers/tests/unit/test_with_pymemtrace.py#  72 perf_counter                       2504933376    -76271616
PREV: 111          +2      1680.861319  C_CALL   /Users/paulross/CLionProjects/PythonCppHomogeneousContainers/tests/unit/test_with_pymemtrace.py#  73 new_list_vector_float              2504933376            0
NEXT: 112          +3      1681.300043  C_RETURN /Users/paulross/CLionProjects/PythonCppHomogeneousContainers/tests/unit/test_with_pymemtrace.py#  73 new_list_vector_float              2670686208    165752832
PREV: 117          +5      1681.423385  CALL     /Users/paulross/CLionProjects/PythonCppHomogeneousContainers/tests/unit/test_with_pymemtrace.py#  71 <listcomp>                         2670686208            0
NEXT: 118          +6      1682.765289  RETURN   /Users/paulross/CLionProjects/PythonCppHomogeneousContainers/tests/unit/test_with_pymemtrace.py#  71 <listcomp>                         2662883328     -7802880
NEXT: 119          +1      1682.883186  C_CALL   /Users/paulross/CLionProjects/PythonCppHomogeneousContainers/tests/unit/test_with_pymemtrace.py#  72 perf_counter                       2583801856    -79081472
PREV: 121          +2      1682.883201  C_CALL   /Users/paulross/CLionProjects/PythonCppHomogeneousContainers/tests/unit/test_with_pymemtrace.py#  73 new_list_vector_float              2583801856            0
NEXT: 122          +3      1683.227715  C_RETURN /Users/paulross/CLionProjects/PythonCppHomogeneousContainers/tests/unit/test_with_pymemtrace.py#  73 new_list_vector_float              2746990592    163188736
PREV: 127          +5      1683.330472  CALL     /Users/paulross/CLionProjects/PythonCppHomogeneousContainers/tests/unit/test_with_pymemtrace.py#  71 <listcomp>                         2746990592            0
NEXT: 128          +6      1684.616204  RETURN   /Users/paulross/CLionProjects/PythonCppHomogeneousContainers/tests/unit/test_with_pymemtrace.py#  71 <listcomp>                         2665881600    -81108992
NEXT: 129          +1      1684.719239  C_CALL   /Users/paulross/CLionProjects/PythonCppHomogeneousContainers/tests/unit/test_with_pymemtrace.py#  72 perf_counter                       2589597696    -76283904
PREV: 131          +2      1684.719254  C_CALL   /Users/paulross/CLionProjects/PythonCppHomogeneousContainers/tests/unit/test_with_pymemtrace.py#  73 new_list_vector_float              2589597696            0
NEXT: 132          +3      1685.028480  C_RETURN /Users/paulross/CLionProjects/PythonCppHomogeneousContainers/tests/unit/test_with_pymemtrace.py#  73 new_list_vector_float              2755026944    165429248
PREV: 137          +5      1685.139654  CALL     /Users/paulross/CLionProjects/PythonCppHomogeneousContainers/tests/unit/test_with_pymemtrace.py#  71 <listcomp>                         2755026944            0
NEXT: 138          +6      1686.431952  RETURN   /Users/paulross/CLionProjects/PythonCppHomogeneousContainers/tests/unit/test_with_pymemtrace.py#  71 <listcomp>                         2679443456    -75583488
NEXT: 139          +1      1686.538481  C_CALL   /Users/paulross/CLionProjects/PythonCppHomogeneousContainers/tests/unit/test_with_pymemtrace.py#  72 perf_counter                       2595545088    -83898368
PREV: 141          +2      1686.538494  C_CALL   /Users/paulross/CLionProjects/PythonCppHomogeneousContainers/tests/unit/test_with_pymemtrace.py#  73 new_list_vector_float              2595545088            0
NEXT: 142          +3      1686.866123  C_RETURN /Users/paulross/CLionProjects/PythonCppHomogeneousContainers/tests/unit/test_with_pymemtrace.py#  73 new_list_vector_float              2880761856    285216768
PREV: 147          +5      1686.962867  CALL     /Users/paulross/CLionProjects/PythonCppHomogeneousContainers/tests/unit/test_with_pymemtrace.py#  71 <listcomp>                         2880761856            0
NEXT: 148          +6      1688.293846  RETURN   /Users/paulross/CLionProjects/PythonCppHomogeneousContainers/tests/unit/test_with_pymemtrace.py#  71 <listcomp>                         2793091072    -87670784
NEXT: 149          +1      1688.420967  C_CALL   /Users/paulross/CLionProjects/PythonCppHomogeneousContainers/tests/unit/test_with_pymemtrace.py#  72 perf_counter                       2716844032    -76247040
PREV: 151          +2      1688.420984  C_CALL   /Users/paulross/CLionProjects/PythonCppHomogeneousContainers/tests/unit/test_with_pymemtrace.py#  73 new_list_vector_float              2716844032            0
NEXT: 152          +3      1688.737938  C_RETURN /Users/paulross/CLionProjects/PythonCppHomogeneousContainers/tests/unit/test_with_pymemtrace.py#  73 new_list_vector_float              2889437184    172593152
